<?xml version="1.0" encoding="UTF-8" ?>
<testsuite errors="0" failures="0" hostname="yamanor" name="be.kzen.ergorr.interfaces.soap.CswClientTest" tests="6" time="1148.876" timestamp="2008-09-11T13:56:16">
  <properties>
[...]
</properties>
  <testcase classname="be.kzen.ergorr.interfaces.soap.CswClientTest" name="testTransaction" time="1134.344" />
  <testcase classname="be.kzen.ergorr.interfaces.soap.CswClientTest" name="testTransact" time="0.0040" />
  <testcase classname="be.kzen.ergorr.interfaces.soap.CswClientTest" name="testHarvest" time="0.0010" />
  <testcase classname="be.kzen.ergorr.interfaces.soap.CswClientTest" name="testGetRecordDescription" time="0.0010" />
  <testcase classname="be.kzen.ergorr.interfaces.soap.CswClientTest" name="testGetDomain" time="0.0010" />
  <testcase classname="be.kzen.ergorr.interfaces.soap.CswClientTest" name="testGetCapabilities" time="0.0010" />
  <system-out><![CDATA[0 urn_EOP_ING_EOLI_ESA.EECF.ALOS_PSR_FD_AL-07061022032198-1640.Pfd.xml
1 urn_EOP_ING_EOLI_ESA.EECF.ALOS_PSR_FD_AL-07060921190210-1640.Pfd.xml
2 urn_EOP_ING_EOLI_ESA.EECF.ENVISAT_ASA_APx_xS_EN1-07071309090227-12252.XPH.xml
3 urn_EOP_ING_EOLI_ESA.EECF.ENVISAT_ASA_APx_xS_EN1-07080321071730-4180.XPH.xml
4 urn_EOP_ING_EOLI_ESA.EECF.ALOS_AVNIR_AL-07011611071632-1036.AV0.xml
5 urn_EOP_ING_EOLI_ESA.EECF.ALOS_PSR_FD_AL-07061021593201-1640.Pfd.xml
6 urn_EOP_ING_EOLI_ESA.EECF.ENVISAT_ASA_GMI_1S_EN1-07100121375735-101624.XGI.xml
7 urn_EOP_ING_EOLI_ESA.EECF.ENVISAT_ASA_GMI_1S_EN1-07060120292575-124730.XGI.xml
8 urn_EOP_ING_EOLI_ESA.EECF.ALOS_AVNIR_AL-07042210300495-1036.AV0.xml
9 urn_EOP_ING_EOLI_ESA.EECF.ENVISAT_ASA_APx_xS_EN1-07072608555212-3990.XPH.xml
10 urn_EOP_ING_EOLI_ESA.EECF.ALOS_PSR_FD_AL-07010709531615-1640.Pfd.xml
11 urn_EOP_ING_EOLI_ESA.EECF.ENVISAT_ASA_GMI_1S_EN1-07042521335571-122313.XGI.xml
12 urn_EOP_ING_EOLI_ESA.EECF.ENVISAT_ASA_GMI_1S_EN1-07012010165361-11243.XGI.xml
13 urn_EOP_ING_EOLI_ESA.EECF.ENVISAT_ASA_GMI_1S_EN1-07052108261681-65684.XGI.xml
14 urn_EOP_ING_EOLI_ESA.EECF.ENVISAT_ASA_GMI_1S_EN1-07082721380159-105250.XGI.xml
15 urn_EOP_ING_EOLI_ESA.EECF.ALOS_AVNIR_AL-07040411274874-1036.AV0.xml
16 urn_EOP_ING_EOLI_ESA.EECF.ENVISAT_ASA_IMx_xS_EN1-07010610595205-3595.XI.xml
17 urn_EOP_ING_EOLI_ESA.EECF.ENVISAT_ASA_GMI_1S_EN1-07101322060636-50808.XGI.xml
18 urn_EOP_ING_EOLI_ESA.EECF.ENVISAT_ASA_GMI_1S_EN1-07061510303046-73914.XGI.xml
19 urn_EOP_ING_EOLI_ESA.EECF.ALOS_PSM_O1_AL-07012510391823-518.Pr1.xml
20 urn_EOP_ING_EOLI_ESA.EECF.ALOS_AVNIR_AL-07060311053919-1036.AV0.xml
21 urn_EOP_ING_EOLI_ESA.EECF.ALOS_AVNIR_AL-07060311064489-1036.AV0.xml
22 urn_EOP_ING_EOLI_ESA.EECF.ALOS_AVNIR_AL-07051311392011-1036.AV0.xml
23 urn_EOP_ING_EOLI_ESA.EECF.ENVISAT_ASA_GMI_1S_EN1-07042409245267-73914.XGI.xml
24 urn_EOP_ING_EOLI_ESA.EECF.ENVISAT_ASA_APx_xS_EN1-07052622122314-3813.XPC.xml
25 urn_EOP_ING_EOLI_ESA.EECF.ALOS_PSM_O1_AL-07020410521102-518.Pr1.xml
26 urn_EOP_ING_EOLI_ESA.EECF.ALOS_AVNIR_AL-07040411300015-1036.AV0.xml
27 urn_EOP_ING_EOLI_ESA.EECF.ALOS_AVNIR_AL-07060111253381-1036.AV0.xml
28 urn_EOP_ING_EOLI_ESA.EECF.ENVISAT_ASA_GMI_1S_EN1-07110821560264-11243.XGI.xml
29 urn_EOP_ING_EOLI_ESA.EECF.ENVISAT_ASA_GMI_1S_EN1-07060221540605-12452.XGI.xml
30 urn_EOP_ING_EOLI_ESA.EECF.ENVISAT_ASA_GMI_1S_EN1-07101110171586-11847.XGI.xml
31 urn_EOP_ING_EOLI_ESA.EECF.ENVISAT_ASA_APx_xS_EN1-07110709272279-3950.XPV.xml
32 urn_EOP_ING_EOLI_ESA.EECF.ALOS_AVNIR_AL-07042510555813-1036.AV0.xml
33 urn_EOP_ING_EOLI_ESA.EECF.ALOS_AVNIR_AL-07032511145589-1036.AV0.xml
34 urn_EOP_ING_EOLI_ESA.EECF.ENVISAT_ASA_GMI_1S_EN1-07062109021689-32536.XGI.xml
35 urn_EOP_ING_EOLI_ESA.EECF.ALOS_AVNIR_AL-07011110584536-1036.AV0.xml
36 urn_EOP_ING_EOLI_ESA.EECF.ALOS_PSR_FD_AL-07061022015986-1640.Pfd.xml
37 urn_EOP_ING_EOLI_ESA.EECF.ENVISAT_ASA_GMI_1S_EN1-07040222102967-11243.XGI.xml
38 urn_EOP_ING_EOLI_ESA.EECF.ALOS_AVNIR_AL-07052009511695-1036.AV0.xml
39 urn_EOP_ING_EOLI_ESA.EECF.ALOS_AVNIR_AL-07040310484039-1036.AV0.xml
40 urn_EOP_ING_EOLI_ESA.EECF.ALOS_PSM_O1_AL-07020410523155-518.Pr1.xml
41 urn_EOP_ING_EOLI_ESA.EECF.ALOS_AVNIR_AL-07051810072935-1036.AV0.xml
42 urn_EOP_ING_EOLI_ESA.EECF.ALOS_AVNIR_AL-07010709533164-1036.AV0.xml
43 urn_EOP_ING_EOLI_ESA.EECF.ALOS_AVNIR_AL-07052410550726-1036.AV0.xml
44 urn_EOP_ING_EOLI_ESA.EECF.ALOS_AVNIR_AL-07031109590900-1036.AV0.xml
45 urn_EOP_ING_EOLI_ESA.EECF.ALOS_AVNIR_AL-07010110475131-1036.AV0.xml
46 urn_EOP_ING_EOLI_ESA.EECF.ALOS_AVNIR_AL-07060811121236-1036.AV0.xml
47 urn_EOP_ING_EOLI_ESA.EECF.ENVISAT_ASA_GMI_1S_EN1-07051622274385-10639.XGI.xml
48 urn_EOP_ING_EOLI_ESA.EECF.ENVISAT_ASA_GMI_1S_EN1-07121520372497-124730.XGI.xml
49 urn_EOP_ING_EOLI_ESA.EECF.ALOS_AVNIR_AL-07011411253164-1036.AV0.xml
50 urn_EOP_ING_EOLI_ESA.EECF.ALOS_AVNIR_AL-07051210583366-1036.AV0.xml
51 urn_EOP_ING_EOLI_ESA.EECF.ENVISAT_ASA_GMI_1S_EN1-07032721490592-82747.XGI.xml
52 urn_EOP_ING_EOLI_ESA.EECF.ENVISAT_ASA_GMI_1S_EN1-07021220524697-164294.XGI.xml
53 urn_EOP_ING_EOLI_ESA.EECF.ENVISAT_ASA_APx_xS_EN1-07091508533890-4033.XPH.xml
54 urn_EOP_ING_EOLI_ESA.EECF.ALOS_AVNIR_AL-07040810543451-1036.AV0.xml
55 urn_EOP_ING_EOLI_ESA.EECF.ALOS_PSR_FD_AL-07061022013522-1640.Pfd.xml
56 urn_EOP_ING_EOLI_ESA.EECF.ALOS_PSR_FD_AL-07060921233312-1640.Pfd.xml
57 urn_EOP_ING_EOLI_ESA.EECF.ALOS_AVNIR_AL-07060811101741-1036.AV0.xml
58 urn_EOP_ING_EOLI_ESA.EECF.ENVISAT_ASA_IMx_xS_EN1-07011320131852-14556.XI.xml
59 urn_EOP_ING_EOLI_ESA.EECF.ALOS_AVNIR_AL-07030811120416-1036.AV0.xml
60 urn_EOP_ING_EOLI_ESA.EECF.ALOS_PSR_FD_AL-07010310305100-1640.Pfd.xml
61 urn_EOP_ING_EOLI_ESA.EECF.ALOS_AVNIR_AL-07050910342477-1036.AV0.xml
62 urn_EOP_ING_EOLI_ESA.EECF.ENVISAT_ASA_GMI_1S_EN1-07012019563172-20077.XGI.xml
63 urn_EOP_ING_EOLI_ESA.EECF.ALOS_PSR_FD_AL-07060822163400-1640.Pfd.xml
64 urn_EOP_ING_EOLI_ESA.EECF.ALOS_PSR_FD_AL-07060921195139-1640.Pfd.xml
65 urn_EOP_ING_EOLI_ESA.EECF.ALOS_AVNIR_AL-07051810070471-1036.AV0.xml
66 urn_EOP_ING_EOLI_ESA.EECF.ALOS_PSM_O1_AL-07021110410497-518.Pr1.xml
67 urn_EOP_ING_EOLI_ESA.EECF.ALOS_AVNIR_AL-07060809344322-1036.AV0.xml
68 urn_EOP_ING_EOLI_ESA.EECF.ENVISAT_ASA_GMI_1S_EN1-07092221133475-163086.XGI.xml
69 urn_EOP_ING_EOLI_ESA.EECF.ALOS_AVNIR_AL-07031111354067-1036.AV0.xml
70 urn_EOP_ING_EOLI_ESA.EECF.ENVISAT_ASA_GMI_1S_EN1-07012120563722-30724.XGI.xml
71 urn_EOP_ING_EOLI_ESA.EECF.ALOS_PSM_O1_AL-07020910564008-518.Pr1.xml
72 urn_EOP_ING_EOLI_ESA.EECF.ALOS_AVNIR_AL-07051810073757-1036.AV0.xml
73 urn_EOP_ING_EOLI_ESA.EECF.ENVISAT_ASA_IMx_xS_EN1-07011909080696-10450.XI.xml
74 urn_EOP_ING_EOLI_ESA.EECF.ALOS_PSR_FD_AL-07061022002130-1640.Pfd.xml
75 urn_EOP_ING_EOLI_ESA.EECF.ALOS_AVNIR_AL-07051311401760-1036.AV0.xml
76 urn_EOP_ING_EOLI_ESA.EECF.ENVISAT_ASA_GMI_1S_EN1-07110320522955-182566.XGI.xml
77 urn_EOP_ING_EOLI_ESA.EECF.ALOS_AVNIR_AL-07040810540987-1036.AV0.xml
78 urn_EOP_ING_EOLI_ESA.EECF.ALOS_PSM_O1_AL-07012111152048-518.Pr1.xml
79 urn_EOP_ING_EOLI_ESA.EECF.ALOS_AVNIR_AL-07032309515256-1036.AV0.xml
80 urn_EOP_ING_EOLI_ESA.EECF.ALOS_AVNIR_AL-07051610243820-1036.AV0.xml
81 urn_EOP_ING_EOLI_ESA.EECF.ALOS_AVNIR_AL-07060710332941-1036.AV0.xml
82 urn_EOP_ING_EOLI_ESA.EECF.ALOS_AVNIR_AL-07052211110337-1036.AV0.xml
83 urn_EOP_ING_EOLI_ESA.EECF.ALOS_PSM_O1_AL-07012510400751-518.Pr1.xml
84 urn_EOP_ING_EOLI_ESA.EECF.ALOS_AVNIR_AL-07052011303288-1036.AV0.xml
85 urn_EOP_ING_EOLI_ESA.EECF.ALOS_PSR_FD_AL-07060822151184-1640.Pfd.xml
86 urn_EOP_ING_EOLI_ESA.EECF.ENVISAT_ASA_GMI_1S_EN1-07051420102404-31327.XGI.xml
87 urn_EOP_ING_EOLI_ESA.EECF.ALOS_PSR_FD_AL-07061022000487-1640.Pfd.xml
88 urn_EOP_ING_EOLI_ESA.EECF.ALOS_AVNIR_AL-07050509320543-1036.AV0.xml
89 urn_EOP_ING_EOLI_ESA.EECF.ALOS_AVNIR_AL-07051610242999-1036.AV0.xml
90 urn_EOP_ING_EOLI_ESA.EECF.ENVISAT_ASA_GMI_1S_EN1-07041310055266-33141.XGI.xml
91 urn_EOP_ING_EOLI_ESA.EECF.ALOS_PSM_O1_AL-07011110593718-518.Pr1.xml
92 urn_EOP_ING_EOLI_ESA.EECF.ALOS_AVNIR_AL-07052310133148-1036.AV0.xml
93 urn_EOP_ING_EOLI_ESA.EECF.ENVISAT_ASA_GMI_1S_EN1-07051709020243-15472.XGI.xml
94 urn_EOP_ING_EOLI_ESA.EECF.ENVISAT_ASA_IMx_xS_EN1-07012021325842-15800.XI.xml
95 urn_EOP_ING_EOLI_ESA.EECF.ALOS_AVNIR_AL-07060111255845-1036.AV0.xml
96 urn_EOP_ING_EOLI_ESA.EECF.ALOS_PSM_O1_AL-07011110595771-518.Pr1.xml
97 urn_EOP_ING_EOLI_ESA.EECF.ALOS_AVNIR_AL-07060710333762-1036.AV0.xml
98 urn_EOP_ING_EOLI_ESA.EECF.ALOS_AVNIR_AL-07041811061255-1036.AV0.xml
99 urn_EOP_ING_EOLI_ESA.EECF.ALOS_AVNIR_AL-07052211114443-1036.AV0.xml
100 urn_EOP_ING_EOLI_ESA.EECF.ENVISAT_ASA_APx_xS_EN1-07112622291964-3812.XPC.xml
101 urn_EOP_ING_EOLI_ESA.EECF.ENVISAT_ASA_APx_xS_EN1-07072209255525-5319.XPH.xml
102 urn_EOP_ING_EOLI_ESA.EECF.ALOS_AVNIR_AL-07012111135990-1036.AV0.xml
103 urn_EOP_ING_EOLI_ESA.EECF.ALOS_PSR_FD_AL-07061021592380-1640.Pfd.xml
104 urn_EOP_ING_EOLI_ESA.EECF.ALOS_AVNIR_AL-07040411274053-1036.AV0.xml
105 urn_EOP_ING_EOLI_ESA.EECF.ALOS_AVNIR_AL-07010810375212-1036.AV0.xml
106 urn_EOP_ING_EOLI_ESA.EECF.ALOS_PSM_O1_AL-07021110413372-518.Pr1.xml
107 urn_EOP_ING_EOLI_ESA.EECF.ENVISAT_ASA_IMx_xS_EN1-07011608595424-13565.XI.xml
108 urn_EOP_ING_EOLI_ESA.EECF.ALOS_PSR_FD_AL-07061022023271-1640.Pfd.xml
109 urn_EOP_ING_EOLI_ESA.EECF.ALOS_AVNIR_AL-07011411240950-1036.AV0.xml
110 urn_EOP_ING_EOLI_ESA.EECF.ENVISAT_ASA_GMI_1S_EN1-07112022093726-74518.XGI.xml
111 urn_EOP_ING_EOLI_ESA.EECF.ENVISAT_ASA_GMI_1S_EN1-07112521020081-185588.XGI.xml
112 urn_EOP_ING_EOLI_ESA.EECF.ALOS_AVNIR_AL-07060609550284-1036.AV0.xml
113 urn_EOP_ING_EOLI_ESA.EECF.ENVISAT_ASA_GMI_1S_EN1-07011520494651-20077.XGI.xml
114 urn_EOP_ING_EOLI_ESA.EECF.ALOS_AVNIR_AL-07051210555765-1036.AV0.xml
115 urn_EOP_ING_EOLI_ESA.EECF.ALOS_PSR_FD_AL-07060822210503-1640.Pfd.xml
116 urn_EOP_ING_EOLI_ESA.EECF.ENVISAT_ASA_GMI_1S_EN1-07042621173780-11847.XGI.xml
117 urn_EOP_ING_EOLI_ESA.EECF.ALOS_AVNIR_AL-07032311313311-1036.AV0.xml
118 urn_EOP_ING_EOLI_ESA.EECF.ALOS_PSR_FD_AL-07060922591548-1640.Pfd.xml
119 urn_EOP_ING_EOLI_ESA.EECF.ALOS_AVNIR_AL-07042410163603-1036.AV0.xml
120 urn_EOP_ING_EOLI_ESA.EECF.ALOS_AVNIR_AL-07041811054791-1036.AV0.xml
121 urn_EOP_ING_EOLI_ESA.EECF.ALOS_AVNIR_AL-07010911174149-1036.AV0.xml
122 urn_EOP_ING_EOLI_ESA.EECF.ALOS_AVNIR_AL-07022510190519-1036.AV0.xml
123 urn_EOP_ING_EOLI_ESA.EECF.ALOS_AVNIR_AL-07060811134270-1036.AV0.xml
124 urn_EOP_ING_EOLI_ESA.EECF.ENVISAT_ASA_GMI_1S_EN1-07050121593203-12452.XGI.xml
125 urn_EOP_ING_EOLI_ESA.EECF.ALOS_PSR_FD_AL-07061021595666-1640.Pfd.xml
126 urn_EOP_ING_EOLI_ESA.EECF.ALOS_AVNIR_AL-07041311001956-1036.AV0.xml
127 urn_EOP_ING_EOLI_ESA.EECF.ALOS_AVNIR_AL-07032210534731-1036.AV0.xml
128 urn_EOP_ING_EOLI_ESA.EECF.ALOS_AVNIR_AL-07051011153569-1036.AV0.xml
129 urn_EOP_ING_EOLI_ESA.EECF.ALOS_AVNIR_AL-07050910340013-1036.AV0.xml
130 urn_EOP_ING_EOLI_ESA.EECF.ALOS_AVNIR_AL-07050509324650-1036.AV0.xml
131 urn_EOP_ING_EOLI_ESA.EECF.ENVISAT_ASA_IMx_xS_EN1-07011020083496-14017.XI.xml
132 urn_EOP_ING_EOLI_ESA.EECF.ENVISAT_ASA_GMI_1S_EN1-07112709044374-21286.XGI.xml
133 urn_EOP_ING_EOLI_ESA.EECF.ALOS_AVNIR_AL-07060210261502-1036.AV0.xml
134 urn_EOP_ING_EOLI_ESA.EECF.ALOS_AVNIR_AL-07032710564821-1036.AV0.xml
135 urn_EOP_ING_EOLI_ESA.EECF.ALOS_AVNIR_AL-07041811070182-1036.AV0.xml
136 urn_EOP_ING_EOLI_ESA.EECF.ENVISAT_ASA_GMI_1S_EN1-07061709220262-31932.XGI.xml
137 urn_EOP_ING_EOLI_ESA.EECF.ENVISAT_ASA_GMI_1S_EN1-07090908404188-13056.XGI.xml
138 urn_EOP_ING_EOLI_ESA.EECF.ALOS_AVNIR_AL-07051610250284-1036.AV0.xml
139 urn_EOP_ING_EOLI_ESA.EECF.ALOS_AVNIR_AL-07032410335299-1036.AV0.xml
140 urn_EOP_ING_EOLI_ESA.EECF.ALOS_AVNIR_AL-07042311134357-1036.AV0.xml
141 urn_EOP_ING_EOLI_ESA.EECF.ENVISAT_ASA_GMI_1S_EN1-07080810302315-11847.XGI.xml
142 urn_EOP_ING_EOLI_ESA.EECF.ALOS_AVNIR_AL-07050410291268-1036.AV0.xml
143 urn_EOP_ING_EOLI_ESA.EECF.ENVISAT_ASA_GMI_1S_EN1-07102220343654-131751.XGI.xml
144 urn_EOP_ING_EOLI_ESA.EECF.ALOS_AVNIR_AL-07051610251105-1036.AV0.xml
145 urn_EOP_ING_EOLI_ESA.EECF.ALOS_AVNIR_AL-07050710523260-1036.AV0.xml
146 urn_EOP_ING_EOLI_ESA.EECF.ALOS_PSR_FD_AL-07060921201603-1640.Pfd.xml
147 urn_EOP_ING_EOLI_ESA.EECF.ALOS_PSR_FD_AL-07061022025735-1640.Pfd.xml
148 urn_EOP_ING_EOLI_ESA.EECF.ENVISAT_ASA_GMI_1S_EN1-07121421045355-183171.XGI.xml
149 urn_EOP_ING_EOLI_ESA.EECF.ENVISAT_ASA_IMx_xS_EN1-07010610530314-11450.XI.xml
150 urn_EOP_ING_EOLI_ESA.EECF.ALOS_AVNIR_AL-07041111194939-1036.AV0.xml
151 urn_EOP_ING_EOLI_ESA.EECF.ALOS_AVNIR_AL-07011611070811-1036.AV0.xml
152 urn_EOP_ING_EOLI_ESA.EECF.ENVISAT_ASA_GMI_1S_EN1-07072522181467-83352.XGI.xml
153 urn_EOP_ING_EOLI_ESA.EECF.ALOS_AVNIR_AL-07050110060927-1036.AV0.xml
154 urn_EOP_ING_EOLI_ESA.EECF.ALOS_AVNIR_AL-07022510185697-1036.AV0.xml
155 urn_EOP_ING_EOLI_ESA.EECF.ALOS_AVNIR_AL-07040810555664-1036.AV0.xml
156 urn_EOP_ING_EOLI_ESA.EECF.ALOS_AVNIR_AL-07051810074578-1036.AV0.xml
157 urn_EOP_ING_EOLI_ESA.EECF.ENVISAT_ASA_GMI_1S_EN1-07122522093760-71497.XGI.xml
158 urn_EOP_ING_EOLI_ESA.EECF.ENVISAT_ASA_APx_xS_EN1-07080808465146-3930.XPC.xml
159 urn_EOP_ING_EOLI_ESA.EECF.ALOS_PSR_FD_AL-07061022043589-1640.Pfd.xml
160 urn_EOP_ING_EOLI_ESA.EECF.ALOS_AVNIR_AL-07052709402511-1036.AV0.xml
161 urn_EOP_ING_EOLI_ESA.EECF.ENVISAT_ASA_IMx_xS_EN1-07011809355750-21512.XI.xml
162 urn_EOP_ING_EOLI_ESA.EECF.ALOS_AVNIR_AL-07042510565562-1036.AV0.xml
163 urn_EOP_ING_EOLI_ESA.EECF.ALOS_AVNIR_AL-07031111382493-1036.AV0.xml
164 urn_EOP_ING_EOLI_ESA.EECF.ENVISAT_ASA_GMI_1S_EN1-07052720002204-44996.XGI.xml
165 urn_EOP_ING_EOLI_ESA.EECF.ALOS_AVNIR_AL-07031311183911-1036.AV0.xml
166 urn_EOP_ING_EOLI_ESA.EECF.ALOS_AVNIR_AL-07060809334573-1036.AV0.xml
167 urn_EOP_ING_EOLI_ESA.EECF.ALOS_PSM_O1_AL-07011111001003-518.Pr1.xml
168 urn_EOP_ING_EOLI_ESA.EECF.ALOS_AVNIR_AL-07052310135611-1036.AV0.xml
169 urn_EOP_ING_EOLI_ESA.EECF.ENVISAT_ASA_IMx_xS_EN1-07011909050736-13576.XI.xml
170 urn_EOP_ING_EOLI_ESA.EECF.ALOS_PSM_O1_AL-07021110415425-518.Pr1.xml
171 urn_EOP_ING_EOLI_ESA.EECF.ALOS_AVNIR_AL-07040411291087-1036.AV0.xml
172 urn_EOP_ING_EOLI_ESA.EECF.ALOS_PSR_FD_AL-07060921220279-1640.Pfd.xml
173 urn_EOP_ING_EOLI_ESA.EECF.ENVISAT_ASA_GMI_1S_EN1-07060621073987-190796.XGI.xml
174 urn_EOP_ING_EOLI_ESA.EECF.ALOS_AVNIR_AL-07040310472647-1036.AV0.xml
175 urn_EOP_ING_EOLI_ESA.EECF.ALOS_PSM_O1_AL-07012111163852-518.Pr1.xml
176 urn_EOP_ING_EOLI_ESA.EECF.ALOS_AVNIR_AL-07032311332809-1036.AV0.xml
177 urn_EOP_ING_EOLI_ESA.EECF.ALOS_AVNIR_AL-07041710272941-1036.AV0.xml
178 urn_EOP_ING_EOLI_ESA.EECF.ALOS_AVNIR_AL-07060311062025-1036.AV0.xml
179 urn_EOP_ING_EOLI_ESA.EECF.ENVISAT_ASA_GMI_1S_EN1-07111221104016-182566.XGI.xml
180 urn_EOP_ING_EOLI_ESA.EECF.ENVISAT_ASA_GMI_1S_EN1-07092720291706-41974.XGI.xml
181 urn_EOP_ING_EOLI_ESA.EECF.ALOS_AVNIR_AL-07031311201766-1036.AV0.xml
182 urn_EOP_ING_EOLI_ESA.EECF.ALOS_AVNIR_AL-07031111383314-1036.AV0.xml
183 urn_EOP_ING_EOLI_ESA.EECF.ALOS_AVNIR_AL-07040111060671-1036.AV0.xml
184 urn_EOP_ING_EOLI_ESA.EECF.ALOS_AVNIR_AL-07032210525803-1036.AV0.xml
185 urn_EOP_ING_EOLI_ESA.EECF.ALOS_AVNIR_AL-07040210063171-1036.AV0.xml
186 urn_EOP_ING_EOLI_ESA.EECF.ALOS_AVNIR_AL-07011810510435-1036.AV0.xml
187 urn_EOP_ING_EOLI_ESA.EECF.ENVISAT_ASA_GMI_1S_EN1-07051620350019-100416.XGI.xml
188 urn_EOP_ING_EOLI_ESA.EECF.ALOS_AVNIR_AL-07031111371922-1036.AV0.xml
189 urn_EOP_ING_EOLI_ESA.EECF.ALOS_AVNIR_AL-07041710262371-1036.AV0.xml
190 urn_EOP_ING_EOLI_ESA.EECF.ENVISAT_ASA_GMI_1S_EN1-07111009385183-80331.XGI.xml
191 urn_EOP_ING_EOLI_ESA.EECF.ENVISAT_ASA_GMI_1S_EN1-07052119483168-55038.XGI.xml
192 urn_EOP_ING_EOLI_ESA.EECF.ALOS_AVNIR_AL-07051210571976-1036.AV0.xml
193 urn_EOP_ING_EOLI_ESA.EECF.ENVISAT_ASA_GMI_1S_EN1-07071620312834-24911.XGI.xml
194 urn_EOP_ING_EOLI_ESA.EECF.ALOS_PSM_O1_AL-07012111141067-518.Pr1.xml
195 urn_EOP_ING_EOLI_ESA.EECF.ENVISAT_ASA_GMI_1S_EN1-07042210235953-10639.XGI.xml
196 urn_EOP_ING_EOLI_ESA.EECF.ALOS_AVNIR_AL-07052711155930-1036.AV0.xml
197 urn_EOP_ING_EOLI_ESA.EECF.ALOS_AVNIR_AL-07050811310754-1036.AV0.xml
198 urn_EOP_ING_EOLI_ESA.EECF.ALOS_AVNIR_AL-07042510560634-1036.AV0.xml
199 urn_EOP_ING_EOLI_ESA.EECF.ALOS_AVNIR_AL-07010810373570-1036.AV0.xml
200 urn_EOP_ING_EOLI_ESA.EECF.ALOS_PSR_FD_AL-07010310302636-1640.Pfd.xml
201 urn_EOP_ING_EOLI_ESA.EECF.ENVISAT_ASA_APx_xS_EN1-07110722263155-3813.XPC.xml
202 urn_EOP_ING_EOLI_ESA.EECF.ENVISAT_ASA_GMI_1S_EN1-07051220592119-130542.XGI.xml
203 urn_EOP_ING_EOLI_ESA.EECF.ALOS_AVNIR_AL-07041609430129-1036.AV0.xml
204 urn_EOP_ING_EOLI_ESA.EECF.ALOS_AVNIR_AL-07051111540239-1036.AV0.xml
205 urn_EOP_ING_EOLI_ESA.EECF.ENVISAT_ASA_GMI_1S_EN1-07071121085529-162482.XGI.xml
206 urn_EOP_ING_EOLI_ESA.EECF.ENVISAT_ASA_GMI_1S_EN1-07052421202983-143002.XGI.xml
207 urn_EOP_ING_EOLI_ESA.EECF.ALOS_AVNIR_AL-07060510492615-1036.AV0.xml
208 urn_EOP_ING_EOLI_ESA.EECF.ENVISAT_ASA_GMI_1S_EN1-07051108460205-21286.XGI.xml
209 urn_EOP_ING_EOLI_ESA.EECF.ALOS_AVNIR_AL-07010510112177-1036.AV0.xml
210 urn_EOP_ING_EOLI_ESA.EECF.ALOS_PSR_FD_AL-07011810504002-1640.Pfd.xml
211 urn_EOP_ING_EOLI_ESA.EECF.ALOS_AVNIR_AL-07050511090174-1036.AV0.xml
212 urn_EOP_ING_EOLI_ESA.EECF.ENVISAT_ASA_GMI_1S_EN1-07050819570984-51412.XGI.xml
213 urn_EOP_ING_EOLI_ESA.EECF.ALOS_AVNIR_AL-07052711172963-1036.AV0.xml
214 urn_EOP_ING_EOLI_ESA.EECF.ALOS_AVNIR_AL-07052310142075-1036.AV0.xml
215 urn_EOP_ING_EOLI_ESA.EECF.ALOS_PSR_FD_AL-07061022024914-1640.Pfd.xml
216 urn_EOP_ING_EOLI_ESA.EECF.ALOS_AVNIR_AL-07040210071277-1036.AV0.xml
217 urn_EOP_ING_EOLI_ESA.EECF.ENVISAT_ASA_GMI_1S_EN1-07031322283792-84561.XGI.xml
218 urn_EOP_ING_EOLI_ESA.EECF.ALOS_AVNIR_AL-07010310301774-1036.AV0.xml
219 urn_EOP_ING_EOLI_ESA.EECF.ALOS_AVNIR_AL-07042410153033-1036.AV0.xml
220 urn_EOP_ING_EOLI_ESA.EECF.ALOS_AVNIR_AL-07060811120415-1036.AV0.xml
221 urn_EOP_ING_EOLI_ESA.EECF.ENVISAT_ASA_GMI_1S_EN1-07061521280678-171316.XGI.xml
222 urn_EOP_ING_EOLI_ESA.EECF.ALOS_AVNIR_AL-07030410084680-1036.AV0.xml
223 urn_EOP_ING_EOLI_ESA.EECF.ALOS_AVNIR_AL-07040310471826-1036.AV0.xml
224 urn_EOP_ING_EOLI_ESA.EECF.ALOS_AVNIR_AL-07060710324834-1036.AV0.xml
225 urn_EOP_ING_EOLI_ESA.EECF.ENVISAT_ASA_GMI_1S_EN1-07040520204737-125334.XGI.xml
226 urn_EOP_ING_EOLI_ESA.EECF.ENVISAT_ASA_APx_xS_EN1-07110208480991-3811.XPV.xml
227 urn_EOP_ING_EOLI_ESA.EECF.ENVISAT_ASA_APx_xS_EN1-07080720383562-3896.XPV.xml
228 urn_EOP_ING_EOLI_ESA.EECF.ENVISAT_ASA_GMI_1S_EN1-07070708540479-20078.XGI.xml
229 urn_EOP_ING_EOLI_ESA.EECF.ALOS_AVNIR_AL-07032311322239-1036.AV0.xml
230 urn_EOP_ING_EOLI_ESA.EECF.ALOS_AVNIR_AL-07030910162716-1036.AV0.xml
231 urn_EOP_ING_EOLI_ESA.EECF.ALOS_AVNIR_AL-07032210522517-1036.AV0.xml
232 urn_EOP_ING_EOLI_ESA.EECF.ALOS_AVNIR_AL-07040409471891-1036.AV0.xml
233 urn_EOP_ING_EOLI_ESA.EECF.ALOS_AVNIR_AL-07031311202588-1036.AV0.xml
234 urn_EOP_ING_EOLI_ESA.EECF.ENVISAT_ASA_GMI_1S_EN1-07090521580108-75123.XGI.xml
235 urn_EOP_ING_EOLI_ESA.EECF.ALOS_AVNIR_AL-07052711180248-1036.AV0.xml
236 urn_EOP_ING_EOLI_ESA.EECF.ENVISAT_ASA_GMI_1S_EN1-07121610475633-41974.XGI.xml
237 urn_EOP_ING_EOLI_ESA.EECF.ENVISAT_ASA_GMI_1S_EN1-07102520402521-132355.XGI.xml
238 urn_EOP_ING_EOLI_ESA.EECF.ALOS_AVNIR_AL-07052310132326-1036.AV0.xml
239 urn_EOP_ING_EOLI_ESA.EECF.ENVISAT_ASA_GMI_1S_EN1-07091722301737-11243.XGI.xml
240 urn_EOP_ING_EOLI_ESA.EECF.ALOS_AVNIR_AL-07060710313443-1036.AV0.xml
241 urn_EOP_ING_EOLI_ESA.EECF.ALOS_AVNIR_AL-07050811314860-1036.AV0.xml
242 urn_EOP_ING_EOLI_ESA.EECF.ENVISAT_ASA_GMI_1S_EN1-07010320102387-140585.XGI.xml
243 urn_EOP_ING_EOLI_ESA.EECF.ENVISAT_ASA_GMI_1S_EN1-07112221163967-20077.XGI.xml
244 urn_EOP_ING_EOLI_ESA.EECF.ENVISAT_ASA_GMI_1S_EN1-07122122351243-72705.XGI.xml
245 urn_EOP_ING_EOLI_ESA.EECF.ENVISAT_ASA_APx_xS_EN1-07072608585865-3818.XPC.xml
246 urn_EOP_ING_EOLI_ESA.EECF.ALOS_AVNIR_AL-07041510423656-1036.AV0.xml
247 urn_EOP_ING_EOLI_ESA.EECF.ALOS_PSR_FD_AL-07060822205681-1640.Pfd.xml
248 urn_EOP_ING_EOLI_ESA.EECF.ALOS_AVNIR_AL-07032311311669-1036.AV0.xml
249 urn_EOP_ING_EOLI_ESA.EECF.ENVISAT_ASA_GMI_1S_EN1-07112020411689-11243.XGI.xml
250 urn_EOP_ING_EOLI_ESA.EECF.ENVISAT_ASA_GMI_1S_EN1-07081922322937-74518.XGI.xml
251 urn_EOP_ING_EOLI_ESA.EECF.ENVISAT_ASA_GMI_1S_EN1-07111219522625-21890.XGI.xml
252 urn_EOP_ING_EOLI_ESA.EECF.ALOS_PSM_O1_AL-07012111145995-518.Pr1.xml
253 urn_EOP_ING_EOLI_ESA.EECF.ALOS_PSM_O1_AL-07021110415836-518.Pr1.xml
254 urn_EOP_ING_EOLI_ESA.EECF.ENVISAT_ASA_GMI_1S_EN1-07041520035265-144814.XGI.xml
255 urn_EOP_ING_EOLI_ESA.EECF.ENVISAT_ASA_GMI_1S_EN1-07031821250446-172524.XGI.xml
256 urn_EOP_ING_EOLI_ESA.EECF.ALOS_AVNIR_AL-07060809342680-1036.AV0.xml
257 urn_EOP_ING_EOLI_ESA.EECF.ALOS_AVNIR_AL-07050811325429-1036.AV0.xml
258 urn_EOP_ING_EOLI_ESA.EECF.ALOS_AVNIR_AL-07040210060707-1036.AV0.xml
259 urn_EOP_ING_EOLI_ESA.EECF.ALOS_AVNIR_AL-07011611045671-1036.AV0.xml
260 urn_EOP_ING_EOLI_ESA.EECF.ALOS_PSR_FD_AL-07011810495896-1640.Pfd.xml
261 urn_EOP_ING_EOLI_ESA.EECF.ALOS_AVNIR_AL-07011510271889-1036.AV0.xml
262 urn_EOP_ING_EOLI_ESA.EECF.ALOS_AVNIR_AL-07040310475932-1036.AV0.xml
263 urn_EOP_ING_EOLI_ESA.EECF.ENVISAT_ASA_GMI_1S_EN1-07080920563230-180754.XGI.xml
264 urn_EOP_ING_EOLI_ESA.EECF.ALOS_AVNIR_AL-07010610542846-1036.AV0.xml
265 urn_EOP_ING_EOLI_ESA.EECF.ALOS_AVNIR_AL-07031109585257-1036.AV0.xml
266 urn_EOP_ING_EOLI_ESA.EECF.ALOS_PSR_FD_AL-07060822212145-1640.Pfd.xml
267 urn_EOP_ING_EOLI_ESA.EECF.ENVISAT_ASA_APx_xS_EN1-07071309073089-3813.XPV.xml
268 urn_EOP_ING_EOLI_ESA.EECF.ALOS_AVNIR_AL-07041611222541-1036.AV0.xml
269 urn_EOP_ING_EOLI_ESA.EECF.ENVISAT_ASA_GMI_1S_EN1-07061120151107-122917.XGI.xml
270 urn_EOP_ING_EOLI_ESA.EECF.ALOS_AVNIR_AL-07041210203064-1036.AV0.xml
271 urn_EOP_ING_EOLI_ESA.EECF.ALOS_PSM_O1_AL-07012510383717-518.Pr1.xml
272 urn_EOP_ING_EOLI_ESA.EECF.ALOS_PSM_O1_AL-07012111145173-518.Pr1.xml
273 urn_EOP_ING_EOLI_ESA.EECF.ALOS_PSM_O1_AL-07012111123211-518.Pr1.xml
274 urn_EOP_ING_EOLI_ESA.EECF.ENVISAT_ASA_GMI_1S_EN1-07061508510522-94603.XGI.xml
275 urn_EOP_ING_EOLI_ESA.EECF.ALOS_AVNIR_AL-07041311000313-1036.AV0.xml
276 urn_EOP_ING_EOLI_ESA.EECF.ENVISAT_ASA_GMI_1S_EN1-07110422180204-14264.XGI.xml
277 urn_EOP_ING_EOLI_ESA.EECF.ALOS_AVNIR_AL-07041609435877-1036.AV0.xml
278 urn_EOP_ING_EOLI_ESA.EECF.ENVISAT_ASA_GMI_1S_EN1-07081521140099-122312.XGI.xml
279 urn_EOP_ING_EOLI_ESA.EECF.ALOS_PSM_O1_AL-07020410524387-518.Pr1.xml
280 urn_EOP_ING_EOLI_ESA.EECF.ALOS_AVNIR_AL-07010411120215-1036.AV0.xml
281 urn_EOP_ING_EOLI_ESA.EECF.ALOS_AVNIR_AL-07041111195761-1036.AV0.xml
282 urn_EOP_ING_EOLI_ESA.EECF.ALOS_AVNIR_AL-07040111070421-1036.AV0.xml
283 urn_EOP_ING_EOLI_ESA.EECF.ENVISAT_ASA_GMI_1S_EN1-07121220315071-130542.XGI.xml
284 urn_EOP_ING_EOLI_ESA.EECF.ALOS_AVNIR_AL-07031109582794-1036.AV0.xml
285 urn_EOP_ING_EOLI_ESA.EECF.ENVISAT_ASA_GMI_1S_EN1-07011820395498-135376.XGI.xml
286 urn_EOP_ING_EOLI_ESA.EECF.ALOS_PSM_O1_AL-07020410533726-518.Pr1.xml
287 urn_EOP_ING_EOLI_ESA.EECF.ALOS_AVNIR_AL-07040111071242-1036.AV0.xml
288 urn_EOP_ING_EOLI_ESA.EECF.ALOS_AVNIR_AL-07031010564907-1036.AV0.xml
289 urn_EOP_ING_EOLI_ESA.EECF.ENVISAT_ASA_IMx_xS_EN1-07011209250727-12266.XI.xml
290 urn_EOP_ING_EOLI_ESA.EECF.ENVISAT_ASA_APx_xS_EN1-07061109102110-3930.XPC.xml
291 urn_EOP_ING_EOLI_ESA.EECF.ENVISAT_ASA_APx_xS_EN1-07060510452011-3818.XPV.xml
292 urn_EOP_ING_EOLI_ESA.EECF.ENVISAT_ASA_GMI_1S_EN1-07111421575671-72705.XGI.xml
293 urn_EOP_ING_EOLI_ESA.EECF.ALOS_PSR_FD_AL-07060923024078-1640.Pfd.xml
294 urn_EOP_ING_EOLI_ESA.EECF.ALOS_AVNIR_AL-07012111145739-1036.AV0.xml
295 urn_EOP_ING_EOLI_ESA.EECF.ENVISAT_ASA_GMI_1S_EN1-07060122152429-82747.XGI.xml
296 urn_EOP_ING_EOLI_ESA.EECF.ALOS_AVNIR_AL-07042410154675-1036.AV0.xml
297 urn_EOP_ING_EOLI_ESA.EECF.ENVISAT_ASA_APx_xS_EN1-07061409185358-3813.XPV.xml
298 urn_EOP_ING_EOLI_ESA.EECF.ALOS_AVNIR_AL-07052011285432-1036.AV0.xml
299 urn_EOP_ING_EOLI_ESA.EECF.ALOS_AVNIR_AL-07030811130985-1036.AV0.xml
300 urn_EOP_ING_EOLI_ESA.EECF.ALOS_AVNIR_AL-07031111375207-1036.AV0.xml
301 urn_EOP_ING_EOLI_ESA.EECF.ENVISAT_ASA_GMI_1S_EN1-07080910012782-32537.XGI.xml
302 urn_EOP_ING_EOLI_ESA.EECF.ALOS_PSM_O1_AL-07020910564829-518.Pr1.xml
303 urn_EOP_ING_EOLI_ESA.EECF.ALOS_AVNIR_AL-07041811064540-1036.AV0.xml
304 urn_EOP_ING_EOLI_ESA.EECF.ALOS_PSM_O1_AL-07012111140656-518.Pr1.xml
305 urn_EOP_ING_EOLI_ESA.EECF.ENVISAT_ASA_APx_xS_EN1-07042122122241-3813.XPC.xml
306 urn_EOP_ING_EOLI_ESA.EECF.ALOS_AVNIR_AL-07022510195446-1036.AV0.xml
307 urn_EOP_ING_EOLI_ESA.EECF.ENVISAT_ASA_GMI_1S_EN1-07040120505103-80330.XGI.xml
308 urn_EOP_ING_EOLI_ESA.EECF.ENVISAT_ASA_GMI_1S_EN1-07021721412409-105854.XGI.xml
309 urn_EOP_ING_EOLI_ESA.EECF.ENVISAT_ASA_GMI_1S_EN1-07091720344447-122313.XGI.xml
310 urn_EOP_ING_EOLI_ESA.EECF.ALOS_AVNIR_AL-07051110173073-1036.AV0.xml
311 urn_EOP_ING_EOLI_ESA.EECF.ALOS_PSR_FD_AL-07060923004582-1640.Pfd.xml
312 urn_EOP_ING_EOLI_ESA.EECF.ALOS_AVNIR_AL-07012111153847-1036.AV0.xml
313 urn_EOP_ING_EOLI_ESA.EECF.ENVISAT_ASA_GMI_1S_EN1-07031620440347-183775.XGI.xml
314 urn_EOP_ING_EOLI_ESA.EECF.ENVISAT_ASA_GMI_1S_EN1-07060908245087-101624.XGI.xml
315 urn_EOP_ING_EOLI_ESA.EECF.ALOS_AVNIR_AL-07060210263966-1036.AV0.xml
316 urn_EOP_ING_EOLI_ESA.EECF.ALOS_AVNIR_AL-07042710403082-1036.AV0.xml
317 urn_EOP_ING_EOLI_ESA.EECF.ALOS_AVNIR_AL-07040411290266-1036.AV0.xml
318 urn_EOP_ING_EOLI_ESA.EECF.ALOS_AVNIR_AL-07032311323881-1036.AV0.xml
319 urn_EOP_ING_EOLI_ESA.EECF.ENVISAT_ASA_APx_xS_EN1-07071008592430-4370.XPH.xml
320 urn_EOP_ING_EOLI_ESA.EECF.ENVISAT_ASA_GMI_1S_EN1-07052021520113-81540.XGI.xml
321 urn_EOP_ING_EOLI_ESA.EECF.ALOS_AVNIR_AL-07041111174619-1036.AV0.xml
322 urn_EOP_ING_EOLI_ESA.EECF.ALOS_AVNIR_AL-07052211105516-1036.AV0.xml
323 urn_EOP_ING_EOLI_ESA.EECF.ALOS_PSR_FD_AL-07060822180435-1640.Pfd.xml
324 urn_EOP_ING_EOLI_ESA.EECF.ALOS_PSR_FD_AL-07060922574513-1640.Pfd.xml
325 urn_EOP_ING_EOLI_ESA.EECF.ENVISAT_ASA_GMI_1S_EN1-07040720591735-130542.XGI.xml
326 urn_EOP_ING_EOLI_ESA.EECF.ALOS_AVNIR_AL-07030410090323-1036.AV0.xml
327 urn_EOP_ING_EOLI_ESA.EECF.ALOS_AVNIR_AL-07052009514980-1036.AV0.xml
328 urn_EOP_ING_EOLI_ESA.EECF.ALOS_AVNIR_AL-07052209320387-1036.AV0.xml
329 urn_EOP_ING_EOLI_ESA.EECF.ENVISAT_ASA_GMI_1S_EN1-07052620350048-13056.XGI.xml
330 urn_EOP_ING_EOLI_ESA.EECF.ENVISAT_ASA_GMI_1S_EN1-07051609321427-42579.XGI.xml
331 urn_EOP_ING_EOLI_ESA.EECF.ALOS_AVNIR_AL-07041609425308-1036.AV0.xml
332 urn_EOP_ING_EOLI_ESA.EECF.ALOS_AVNIR_AL-07031311193660-1036.AV0.xml
333 urn_EOP_ING_EOLI_ESA.EECF.ALOS_AVNIR_AL-07031111364637-1036.AV0.xml
334 urn_EOP_ING_EOLI_ESA.EECF.ENVISAT_ASA_GMI_1S_EN1-07021620283302-134168.XGI.xml
335 urn_EOP_ING_EOLI_ESA.EECF.ALOS_AVNIR_AL-07042210315170-1036.AV0.xml
336 urn_EOP_ING_EOLI_ESA.EECF.ENVISAT_ASA_GMI_1S_EN1-07030921035087-193817.XGI.xml
337 urn_EOP_ING_EOLI_ESA.EECF.ALOS_AVNIR_AL-07041510432583-1036.AV0.xml
338 urn_EOP_ING_EOLI_ESA.EECF.ENVISAT_ASA_GMI_1S_EN1-07010321580163-82144.XGI.xml
339 urn_EOP_ING_EOLI_ESA.EECF.ALOS_AVNIR_AL-07011611044850-1036.AV0.xml
340 urn_EOP_ING_EOLI_ESA.EECF.ENVISAT_ASA_APx_xS_EN1-07060709393957-4491.XPC.xml
341 urn_EOP_ING_EOLI_ESA.EECF.ALOS_PSR_FD_AL-07061021590737-1640.Pfd.xml
342 urn_EOP_ING_EOLI_ESA.EECF.ALOS_AVNIR_AL-07060811162698-1036.AV0.xml
343 urn_EOP_ING_EOLI_ESA.EECF.ALOS_AVNIR_AL-07011611064347-1036.AV0.xml
344 urn_EOP_ING_EOLI_ESA.EECF.ALOS_AVNIR_AL-07041710265656-1036.AV0.xml
345 urn_EOP_ING_EOLI_ESA.EECF.ENVISAT_ASA_GMI_1S_EN1-07061808563950-92790.XGI.xml
346 urn_EOP_ING_EOLI_ESA.EECF.ALOS_PSM_O1_AL-07020910580631-518.Pr1.xml
347 urn_EOP_ING_EOLI_ESA.EECF.ENVISAT_ASA_GMI_1S_EN1-07071421134032-185587.XGI.xml
348 urn_EOP_ING_EOLI_ESA.EECF.ALOS_AVNIR_AL-07051810065650-1036.AV0.xml
349 urn_EOP_ING_EOLI_ESA.EECF.ALOS_AVNIR_AL-07060410083166-1036.AV0.xml
350 urn_EOP_ING_EOLI_ESA.EECF.ALOS_AVNIR_AL-07031111355709-1036.AV0.xml
351 urn_EOP_ING_EOLI_ESA.EECF.ALOS_AVNIR_AL-07011611053777-1036.AV0.xml
352 urn_EOP_ING_EOLI_ESA.EECF.ALOS_AVNIR_AL-07051210574439-1036.AV0.xml
353 urn_EOP_ING_EOLI_ESA.EECF.ALOS_AVNIR_AL-07040411265126-1036.AV0.xml
354 urn_EOP_ING_EOLI_ESA.EECF.ALOS_PSM_O1_AL-07012111162620-518.Pr1.xml
355 urn_EOP_ING_EOLI_ESA.EECF.ALOS_AVNIR_AL-07051210585009-1036.AV0.xml
356 urn_EOP_ING_EOLI_ESA.EECF.ALOS_AVNIR_AL-07031109581972-1036.AV0.xml
357 urn_EOP_ING_EOLI_ESA.EECF.ENVISAT_ASA_GMI_1S_EN1-07032022190969-10639.XGI.xml
358 urn_EOP_ING_EOLI_ESA.EECF.ENVISAT_ASA_GMI_1S_EN1-07052320131383-112271.XGI.xml
359 urn_EOP_ING_EOLI_ESA.EECF.ALOS_PSR_FD_AL-07060921225207-1640.Pfd.xml
360 urn_EOP_ING_EOLI_ESA.EECF.ENVISAT_ASA_GMI_1S_EN1-07111009320892-13056.XGI.xml
361 urn_EOP_ING_EOLI_ESA.EECF.ALOS_AVNIR_AL-07031309385855-1036.AV0.xml
362 urn_EOP_ING_EOLI_ESA.EECF.ALOS_AVNIR_AL-07060410084809-1036.AV0.xml
363 urn_EOP_ING_EOLI_ESA.EECF.ALOS_PSM_O1_AL-07012111111410-518.Pr1.xml
364 urn_EOP_ING_EOLI_ESA.EECF.ALOS_AVNIR_AL-07040111063135-1036.AV0.xml
365 urn_EOP_ING_EOLI_ESA.EECF.ALOS_PSM_O1_AL-07020910561955-518.Pr1.xml
366 urn_EOP_ING_EOLI_ESA.EECF.ALOS_PSM_O1_AL-07021110411318-518.Pr1.xml
367 urn_EOP_ING_EOLI_ESA.EECF.ALOS_AVNIR_AL-07040411293551-1036.AV0.xml
368 urn_EOP_ING_EOLI_ESA.EECF.ALOS_AVNIR_AL-07011611073275-1036.AV0.xml
369 urn_EOP_ING_EOLI_ESA.EECF.ALOS_AVNIR_AL-07050710525724-1036.AV0.xml
370 urn_EOP_ING_EOLI_ESA.EECF.ALOS_PSM_O1_AL-07020410534958-518.Pr1.xml
371 urn_EOP_ING_EOLI_ESA.EECF.ALOS_AVNIR_AL-07060710304516-1036.AV0.xml
372 urn_EOP_ING_EOLI_ESA.EECF.ALOS_AVNIR_AL-07051209220199-1036.AV0.xml
373 urn_EOP_ING_EOLI_ESA.EECF.ENVISAT_ASA_GMI_1S_EN1-07032322172387-60246.XGI.xml
374 urn_EOP_ING_EOLI_ESA.EECF.ALOS_AVNIR_AL-07051209211271-1036.AV0.xml
375 urn_EOP_ING_EOLI_ESA.EECF.ALOS_AVNIR_AL-07030410074110-1036.AV0.xml
376 urn_EOP_ING_EOLI_ESA.EECF.ALOS_AVNIR_AL-07031710443633-1036.AV0.xml
377 urn_EOP_ING_EOLI_ESA.EECF.ENVISAT_ASA_GMI_1S_EN1-07042020505229-115291.XGI.xml
378 urn_EOP_ING_EOLI_ESA.EECF.ALOS_AVNIR_AL-07011611065990-1036.AV0.xml
379 urn_EOP_ING_EOLI_ESA.EECF.ALOS_PSM_O1_AL-07020910574167-518.Pr1.xml
380 urn_EOP_ING_EOLI_ESA.EECF.ALOS_AVNIR_AL-07050811331072-1036.AV0.xml
381 urn_EOP_ING_EOLI_ESA.EECF.ALOS_AVNIR_AL-07051210590651-1036.AV0.xml
382 urn_EOP_ING_EOLI_ESA.EECF.ENVISAT_ASA_GMI_1S_EN1-07121822292973-75122.XGI.xml
383 urn_EOP_ING_EOLI_ESA.EECF.ALOS_AVNIR_AL-07032311320596-1036.AV0.xml
384 urn_EOP_ING_EOLI_ESA.EECF.ALOS_AVNIR_AL-07042410160318-1036.AV0.xml
385 urn_EOP_ING_EOLI_ESA.EECF.ALOS_AVNIR_AL-07031410203445-1036.AV0.xml
386 urn_EOP_ING_EOLI_ESA.EECF.ENVISAT_ASA_GMI_1S_EN1-07011620190066-31328.XGI.xml
387 urn_EOP_ING_EOLI_ESA.EECF.ALOS_AVNIR_AL-07040411265947-1036.AV0.xml
388 urn_EOP_ING_EOLI_ESA.EECF.ALOS_AVNIR_AL-07021911091978-1036.AV0.xml
389 urn_EOP_ING_EOLI_ESA.EECF.ENVISAT_ASA_GMI_1S_EN1-07090908432290-13660.XGI.xml
390 urn_EOP_ING_EOLI_ESA.EECF.ALOS_AVNIR_AL-07052410543441-1036.AV0.xml
391 urn_EOP_ING_EOLI_ESA.EECF.ALOS_PSR_FD_AL-07060822204860-1640.Pfd.xml
392 urn_EOP_ING_EOLI_ESA.EECF.ENVISAT_ASA_GMI_1S_EN1-07111622351293-72706.XGI.xml
393 urn_EOP_ING_EOLI_ESA.EECF.ENVISAT_ASA_GMI_1S_EN1-07041122274102-10639.XGI.xml
394 urn_EOP_ING_EOLI_ESA.EECF.ALOS_AVNIR_AL-07031410220478-1036.AV0.xml
395 urn_EOP_ING_EOLI_ESA.EECF.ALOS_AVNIR_AL-07032511140662-1036.AV0.xml
396 urn_EOP_ING_EOLI_ESA.EECF.ENVISAT_ASA_GMI_1S_EN1-07122109450644-11244.XGI.xml
397 urn_EOP_ING_EOLI_ESA.EECF.ENVISAT_ASA_GMI_1S_EN1-07010620164393-152439.XGI.xml
398 urn_EOP_ING_EOLI_ESA.EECF.ALOS_AVNIR_AL-07011411240129-1036.AV0.xml
399 urn_EOP_ING_EOLI_ESA.EECF.ENVISAT_ASA_GMI_1S_EN1-07061808510919-32536.XGI.xml
400 urn_EOP_ING_EOLI_ESA.EECF.ALOS_AVNIR_AL-07031311205873-1036.AV0.xml
401 urn_EOP_ING_EOLI_ESA.EECF.ALOS_AVNIR_AL-07050511093459-1036.AV0.xml
402 urn_EOP_ING_EOLI_ESA.EECF.ALOS_PSM_O1_AL-07012510401162-518.Pr1.xml
403 urn_EOP_ING_EOLI_ESA.EECF.ALOS_PSR_FD_AL-07061021581808-1640.Pfd.xml
404 urn_EOP_ING_EOLI_ESA.EECF.ENVISAT_ASA_GMI_1S_EN1-07081108531623-24911.XGI.xml
405 urn_EOP_ING_EOLI_ESA.EECF.ENVISAT_ASA_GMI_1S_EN1-07100721515706-74518.XGI.xml
406 urn_EOP_ING_EOLI_ESA.EECF.ENVISAT_ASA_APx_xS_EN1-07071909204759-3904.XPH.xml
407 urn_EOP_ING_EOLI_ESA.EECF.ENVISAT_ASA_GMI_1S_EN1-07071020210374-11243.XGI.xml
408 urn_EOP_ING_EOLI_ESA.EECF.ENVISAT_ASA_GMI_1S_EN1-07102609102391-44995.XGI.xml
409 urn_EOP_ING_EOLI_ESA.EECF.ALOS_AVNIR_AL-07060510485330-1036.AV0.xml
410 urn_EOP_ING_EOLI_ESA.EECF.ALOS_AVNIR_AL-07032309525004-1036.AV0.xml
411 urn_EOP_ING_EOLI_ESA.EECF.ALOS_AVNIR_AL-07031311204230-1036.AV0.xml
412 urn_EOP_ING_EOLI_ESA.EECF.ALOS_AVNIR_AL-07012111142454-1036.AV0.xml
413 urn_EOP_ING_EOLI_ESA.EECF.ALOS_AVNIR_AL-07041310591386-1036.AV0.xml
414 urn_EOP_ING_EOLI_ESA.EECF.ALOS_PSR_FD_AL-07061022022450-1640.Pfd.xml
415 urn_EOP_ING_EOLI_ESA.EECF.ENVISAT_ASA_GMI_1S_EN1-07121222273623-10639.XGI.xml
416 urn_EOP_ING_EOLI_ESA.EECF.ALOS_PSM_O1_AL-07012111163442-518.Pr1.xml
417 urn_EOP_ING_EOLI_ESA.EECF.ALOS_PSM_O1_AL-07011110590844-518.Pr1.xml
418 urn_EOP_ING_EOLI_ESA.EECF.ALOS_AVNIR_AL-07060609525963-1036.AV0.xml
419 urn_EOP_ING_EOLI_ESA.EECF.ALOS_AVNIR_AL-07040810553200-1036.AV0.xml
420 urn_EOP_ING_EOLI_ESA.EECF.ENVISAT_ASA_GMI_1S_EN1-07012520195776-134168.XGI.xml
421 urn_EOP_ING_EOLI_ESA.EECF.ALOS_AVNIR_AL-07010709535628-1036.AV0.xml
422 urn_EOP_ING_EOLI_ESA.EECF.ALOS_PSR_FD_AL-07060822221071-1640.Pfd.xml
423 urn_EOP_ING_EOLI_ESA.EECF.ALOS_PSR_FD_AL-07060921184567-1640.Pfd.xml
424 urn_EOP_ING_EOLI_ESA.EECF.ALOS_PSR_FD_AL-07010510100818-1640.Pfd.xml
425 urn_EOP_ING_EOLI_ESA.EECF.ALOS_AVNIR_AL-07012111150561-1036.AV0.xml
426 urn_EOP_ING_EOLI_ESA.EECF.ENVISAT_ASA_GMI_1S_EN1-07091420333965-83352.XGI.xml
427 urn_EOP_ING_EOLI_ESA.EECF.ENVISAT_ASA_IMx_xS_EN1-07011020081386-20127.XI.xml
428 urn_EOP_ING_EOLI_ESA.EECF.ALOS_PSR_FD_AL-07060923021615-1640.Pfd.xml
429 urn_EOP_ING_EOLI_ESA.EECF.ALOS_AVNIR_AL-07052211111980-1036.AV0.xml
430 urn_EOP_ING_EOLI_ESA.EECF.ENVISAT_ASA_GMI_1S_EN1-07112110293807-20077.XGI.xml
431 urn_EOP_ING_EOLI_ESA.EECF.ALOS_AVNIR_AL-07051211004507-1036.AV0.xml
432 urn_EOP_ING_EOLI_ESA.EECF.ENVISAT_ASA_IMx_xS_EN1-07012121005715-15800.XI.xml
433 urn_EOP_ING_EOLI_ESA.EECF.ALOS_AVNIR_AL-07011611033460-1036.AV0.xml
434 urn_EOP_ING_EOLI_ESA.EECF.ALOS_AVNIR_AL-07050110051999-1036.AV0.xml
435 urn_EOP_ING_EOLI_ESA.EECF.ALOS_AVNIR_AL-07041910100261-1036.AV0.xml
436 urn_EOP_ING_EOLI_ESA.EECF.ENVISAT_ASA_IMx_xS_EN1-07011310325437-15821.XI.xml
437 urn_EOP_ING_EOLI_ESA.EECF.ALOS_PSR_FD_AL-07060822191006-1640.Pfd.xml
438 urn_EOP_ING_EOLI_ESA.EECF.ENVISAT_ASA_GMI_1S_EN1-07101108282293-94603.XGI.xml
439 urn_EOP_ING_EOLI_ESA.EECF.ENVISAT_ASA_GMI_1S_EN1-07082408463453-23702.XGI.xml
440 urn_EOP_ING_EOLI_ESA.EECF.ENVISAT_ASA_GMI_1S_EN1-07040620044721-25515.XGI.xml
441 urn_EOP_ING_EOLI_ESA.EECF.ALOS_PSM_O1_AL-07012111124443-518.Pr1.xml
442 urn_EOP_ING_EOLI_ESA.EECF.ALOS_AVNIR_AL-07031111371101-1036.AV0.xml
443 urn_EOP_ING_EOLI_ESA.EECF.ALOS_AVNIR_AL-07010911190363-1036.AV0.xml
444 urn_EOP_ING_EOLI_ESA.EECF.ALOS_AVNIR_AL-07010510100786-1036.AV0.xml
445 urn_EOP_ING_EOLI_ESA.EECF.ALOS_AVNIR_AL-07032311333630-1036.AV0.xml
446 urn_EOP_ING_EOLI_ESA.EECF.ENVISAT_ASA_IMx_xS_EN1-07010610561887-5378.XI.xml
447 urn_EOP_ING_EOLI_ESA.EECF.ENVISAT_ASA_GMI_1S_EN1-07062622293773-75122.XGI.xml
448 urn_EOP_ING_EOLI_ESA.EECF.ALOS_PSR_FD_AL-07060723131695-1640.Pfd.xml
449 urn_EOP_ING_EOLI_ESA.EECF.ALOS_AVNIR_AL-07010810384962-1036.AV0.xml
450 urn_EOP_ING_EOLI_ESA.EECF.ALOS_AVNIR_AL-07010911184720-1036.AV0.xml
451 urn_EOP_ING_EOLI_ESA.EECF.ALOS_AVNIR_AL-07030910160252-1036.AV0.xml
452 urn_EOP_ING_EOLI_ESA.EECF.ALOS_AVNIR_AL-07050809570372-1036.AV0.xml
453 urn_EOP_ING_EOLI_ESA.EECF.ENVISAT_ASA_GMI_1S_EN1-07052721251398-152440.XGI.xml
454 urn_EOP_ING_EOLI_ESA.EECF.ENVISAT_ASA_GMI_1S_EN1-07052520440663-183775.XGI.xml
455 urn_EOP_ING_EOLI_ESA.EECF.ALOS_AVNIR_AL-07010711332043-1036.AV0.xml
456 urn_EOP_ING_EOLI_ESA.EECF.ALOS_PSR_FD_AL-07010709533257-1640.Pfd.xml
457 urn_EOP_ING_EOLI_ESA.EECF.ALOS_AVNIR_AL-07021911083872-1036.AV0.xml
458 urn_EOP_ING_EOLI_ESA.EECF.ALOS_PSM_O1_AL-07011110594129-518.Pr1.xml
459 urn_EOP_ING_EOLI_ESA.EECF.ENVISAT_ASA_APx_xS_EN1-07032309280724-4233.XPC.xml
460 urn_EOP_ING_EOLI_ESA.EECF.ENVISAT_ASA_GMI_1S_EN1-07111120033457-161273.XGI.xml
461 urn_EOP_ING_EOLI_ESA.EECF.ENVISAT_ASA_GMI_1S_EN1-07022721222018-152439.XGI.xml
462 urn_EOP_ING_EOLI_ESA.EECF.ENVISAT_ASA_APx_xS_EN1-07050921065925-3896.XPC.xml
463 urn_EOP_ING_EOLI_ESA.EECF.ALOS_PSM_O1_AL-07020910555902-518.Pr1.xml
464 urn_EOP_ING_EOLI_ESA.EECF.ENVISAT_ASA_GMI_1S_EN1-07121020102520-31328.XGI.xml
465 urn_EOP_ING_EOLI_ESA.EECF.ALOS_PSM_O1_AL-07020910565650-518.Pr1.xml
466 urn_EOP_ING_EOLI_ESA.EECF.ALOS_AVNIR_AL-07040411275695-1036.AV0.xml
467 urn_EOP_ING_EOLI_ESA.EECF.ENVISAT_ASA_GMI_1S_EN1-07011621490655-120500.XGI.xml
468 urn_EOP_ING_EOLI_ESA.EECF.ALOS_AVNIR_AL-07051209214556-1036.AV0.xml
469 urn_EOP_ING_EOLI_ESA.EECF.ALOS_AVNIR_AL-07031109580330-1036.AV0.xml
470 urn_EOP_ING_EOLI_ESA.EECF.ENVISAT_ASA_GMI_1S_EN1-07072421043009-121104.XGI.xml
471 urn_EOP_ING_EOLI_ESA.EECF.ALOS_AVNIR_AL-07042710391691-1036.AV0.xml
472 urn_EOP_ING_EOLI_ESA.EECF.ALOS_AVNIR_AL-07041910093797-1036.AV0.xml
473 urn_EOP_ING_EOLI_ESA.EECF.ENVISAT_ASA_GMI_1S_EN1-07060120452316-24911.XGI.xml
474 urn_EOP_ING_EOLI_ESA.EECF.ALOS_AVNIR_AL-07052211101410-1036.AV0.xml
475 urn_EOP_ING_EOLI_ESA.EECF.ALOS_AVNIR_AL-07041910084869-1036.AV0.xml
476 urn_EOP_ING_EOLI_ESA.EECF.ALOS_PSM_O1_AL-07020910574578-518.Pr1.xml
477 urn_EOP_ING_EOLI_ESA.EECF.ALOS_AVNIR_AL-07031111362173-1036.AV0.xml
478 urn_EOP_ING_EOLI_ESA.EECF.ENVISAT_ASA_GMI_1S_EN1-07060109232148-25515.XGI.xml
479 urn_EOP_ING_EOLI_ESA.EECF.ALOS_AVNIR_AL-07040210061528-1036.AV0.xml
480 urn_EOP_ING_EOLI_ESA.EECF.ENVISAT_ASA_GMI_1S_EN1-07072621565395-20681.XGI.xml
481 urn_EOP_ING_EOLI_ESA.EECF.ALOS_AVNIR_AL-07010411121857-1036.AV0.xml
482 urn_EOP_ING_EOLI_ESA.EECF.ENVISAT_ASA_GMI_1S_EN1-07010522351776-72706.XGI.xml
483 urn_EOP_ING_EOLI_ESA.EECF.ENVISAT_ASA_IMx_xS_EN1-07010310502328-33498.XI.xml
484 urn_EOP_ING_EOLI_ESA.EECF.ALOS_AVNIR_AL-07052310141254-1036.AV0.xml
485 urn_EOP_ING_EOLI_ESA.EECF.ENVISAT_ASA_GMI_1S_EN1-07081810191525-75726.XGI.xml
486 urn_EOP_ING_EOLI_ESA.EECF.ENVISAT_ASA_GMI_1S_EN1-07021520581414-170107.XGI.xml
487 urn_EOP_ING_EOLI_ESA.EECF.ALOS_AVNIR_AL-07010110480774-1036.AV0.xml
488 urn_EOP_ING_EOLI_ESA.EECF.ENVISAT_ASA_APx_xS_EN1-07040920125504-3803.XPC.xml
489 urn_EOP_ING_EOLI_ESA.EECF.ALOS_PSR_FD_AL-07060923002940-1640.Pfd.xml
490 urn_EOP_ING_EOLI_ESA.EECF.ENVISAT_ASA_GMI_1S_EN1-07062420215690-21285.XGI.xml
491 urn_EOP_ING_EOLI_ESA.EECF.ENVISAT_ASA_GMI_1S_EN1-07052110152494-85769.XGI.xml
492 urn_EOP_ING_EOLI_ESA.EECF.ALOS_AVNIR_AL-07060710311801-1036.AV0.xml
493 urn_EOP_ING_EOLI_ESA.EECF.ALOS_AVNIR_AL-07010711323937-1036.AV0.xml
494 urn_EOP_ING_EOLI_ESA.EECF.ALOS_AVNIR_AL-07041910081584-1036.AV0.xml
495 urn_EOP_ING_EOLI_ESA.EECF.ALOS_AVNIR_AL-07031311212337-1036.AV0.xml
496 urn_EOP_ING_EOLI_ESA.EECF.ALOS_AVNIR_AL-07040409463786-1036.AV0.xml
497 urn_EOP_ING_EOLI_ESA.EECF.ALOS_PSM_O1_AL-07021110410087-518.Pr1.xml
498 urn_EOP_ING_EOLI_ESA.EECF.ALOS_AVNIR_AL-07052511350444-1036.AV0.xml
499 urn_EOP_ING_EOLI_ESA.EECF.ALOS_AVNIR_AL-07050811305112-1036.AV0.xml
500 urn_EOP_ING_EOLI_ESA.EECF.ALOS_AVNIR_AL-07051810064008-1036.AV0.xml
501 urn_EOP_ING_EOLI_ESA.EECF.ALOS_AVNIR_AL-07050811332714-1036.AV0.xml
502 urn_EOP_ING_EOLI_ESA.EECF.ALOS_AVNIR_AL-07012710211631-1036.AV0.xml
503 urn_EOP_ING_EOLI_ESA.EECF.ALOS_AVNIR_AL-07060410092094-1036.AV0.xml
504 urn_EOP_ING_EOLI_ESA.EECF.ENVISAT_ASA_GMI_1S_EN1-07062020495087-13056.XGI.xml
505 urn_EOP_ING_EOLI_ESA.EECF.ENVISAT_ASA_GMI_1S_EN1-07022321545051-85164.XGI.xml
506 urn_EOP_ING_EOLI_ESA.EECF.ENVISAT_ASA_GMI_1S_EN1-07062120170990-14265.XGI.xml
507 urn_EOP_ING_EOLI_ESA.EECF.ALOS_AVNIR_AL-07051309593957-1036.AV0.xml
508 urn_EOP_ING_EOLI_ESA.EECF.ALOS_AVNIR_AL-07052011283789-1036.AV0.xml
509 urn_EOP_ING_EOLI_ESA.EECF.ENVISAT_ASA_GMI_1S_EN1-07080208380049-13056.XGI.xml
510 urn_EOP_ING_EOLI_ESA.EECF.ALOS_AVNIR_AL-07052211112801-1036.AV0.xml
511 urn_EOP_ING_EOLI_ESA.EECF.ENVISAT_ASA_APx_xS_EN1-07060210375203-3813.XPC.xml
512 urn_EOP_ING_EOLI_ESA.EECF.ALOS_AVNIR_AL-07041210202243-1036.AV0.xml
513 urn_EOP_ING_EOLI_ESA.EECF.ALOS_AVNIR_AL-07052711192461-1036.AV0.xml
514 urn_EOP_ING_EOLI_ESA.EECF.ALOS_PSM_O1_AL-07020410525208-518.Pr1.xml
515 urn_EOP_ING_EOLI_ESA.EECF.ALOS_AVNIR_AL-07040411272411-1036.AV0.xml
516 urn_EOP_ING_EOLI_ESA.EECF.ENVISAT_ASA_GMI_1S_EN1-07101721264349-183775.XGI.xml
517 urn_EOP_ING_EOLI_ESA.EECF.ENVISAT_ASA_GMI_1S_EN1-07051322123283-82144.XGI.xml
518 urn_EOP_ING_EOLI_ESA.EECF.ALOS_AVNIR_AL-07041310594671-1036.AV0.xml
519 urn_EOP_ING_EOLI_ESA.EECF.ALOS_AVNIR_AL-07011211384288-1036.AV0.xml
520 urn_EOP_ING_EOLI_ESA.EECF.ALOS_AVNIR_AL-07042210310243-1036.AV0.xml
521 urn_EOP_ING_EOLI_ESA.EECF.ALOS_AVNIR_AL-07060811155412-1036.AV0.xml
522 urn_EOP_ING_EOLI_ESA.EECF.ALOS_AVNIR_AL-07052011302467-1036.AV0.xml
523 urn_EOP_ING_EOLI_ESA.EECF.ENVISAT_ASA_GMI_1S_EN1-07061109162690-33141.XGI.xml
524 urn_EOP_ING_EOLI_ESA.EECF.ALOS_AVNIR_AL-07052011291074-1036.AV0.xml
525 urn_EOP_ING_EOLI_ESA.EECF.ENVISAT_ASA_GMI_1S_EN1-07012608375070-93999.XGI.xml
526 urn_EOP_ING_EOLI_ESA.EECF.ENVISAT_ASA_APx_xS_EN1-07022110100791-3810.XPV.xml
527 urn_EOP_ING_EOLI_ESA.EECF.ALOS_PSM_O1_AL-07011611034947-518.Pr1.xml
528 urn_EOP_ING_EOLI_ESA.EECF.ALOS_AVNIR_AL-07031410222121-1036.AV0.xml
529 urn_EOP_ING_EOLI_ESA.EECF.ALOS_PSM_O1_AL-07012111151638-518.Pr1.xml
530 urn_EOP_ING_EOLI_ESA.EECF.ENVISAT_ASA_GMI_1S_EN1-07022410165630-11244.XGI.xml
531 urn_EOP_ING_EOLI_ESA.EECF.ALOS_AVNIR_AL-07060111241989-1036.AV0.xml
532 urn_EOP_ING_EOLI_ESA.EECF.ENVISAT_ASA_GMI_1S_EN1-07120721265774-163086.XGI.xml
533 urn_EOP_ING_EOLI_ESA.EECF.ALOS_AVNIR_AL-07051209222663-1036.AV0.xml
534 urn_EOP_ING_EOLI_ESA.EECF.ALOS_PSM_O1_AL-07012510394698-518.Pr1.xml
535 urn_EOP_ING_EOLI_ESA.EECF.ENVISAT_ASA_GMI_1S_EN1-07022620160525-112875.XGI.xml
536 urn_EOP_ING_EOLI_ESA.EECF.ENVISAT_ASA_GMI_1S_EN1-07121921575576-72706.XGI.xml
537 urn_EOP_ING_EOLI_ESA.EECF.ALOS_AVNIR_AL-07010310314809-1036.AV0.xml
538 urn_EOP_ING_EOLI_ESA.EECF.ALOS_PSM_O1_AL-07020410530851-518.Pr1.xml
539 urn_EOP_ING_EOLI_ESA.EECF.ENVISAT_ASA_APx_xS_EN1-07071821100671-3900.XPH.xml
540 urn_EOP_ING_EOLI_ESA.EECF.ENVISAT_ASA_GMI_1S_EN1-07080709250991-72705.XGI.xml
541 urn_EOP_ING_EOLI_ESA.EECF.ALOS_AVNIR_AL-07011611060241-1036.AV0.xml
542 urn_EOP_ING_EOLI_ESA.EECF.ALOS_AVNIR_AL-07040111054207-1036.AV0.xml
543 urn_EOP_ING_EOLI_ESA.EECF.ENVISAT_ASA_IMx_xS_EN1-07011109554253-23424.XI.xml
544 urn_EOP_ING_EOLI_ESA.EECF.ALOS_PSR_FD_AL-07060921232491-1640.Pfd.xml
545 urn_EOP_ING_EOLI_ESA.EECF.ALOS_AVNIR_AL-07030811131807-1036.AV0.xml
546 urn_EOP_ING_EOLI_ESA.EECF.ENVISAT_ASA_GMI_1S_EN1-07090409434103-13056.XGI.xml
547 urn_EOP_ING_EOLI_ESA.EECF.ALOS_AVNIR_AL-07060609543820-1036.AV0.xml
548 urn_EOP_ING_EOLI_ESA.EECF.ALOS_AVNIR_AL-07060111252559-1036.AV0.xml
549 urn_EOP_ING_EOLI_ESA.EECF.ENVISAT_ASA_IMx_xS_EN1-07012121051168-4754.XI.xml
550 urn_EOP_ING_EOLI_ESA.EECF.ALOS_PSM_O1_AL-07020410530029-518.Pr1.xml
551 urn_EOP_ING_EOLI_ESA.EECF.ALOS_PSR_FD_AL-07060923022436-1640.Pfd.xml
552 urn_EOP_ING_EOLI_ESA.EECF.ALOS_AVNIR_AL-07011810503971-1036.AV0.xml
553 urn_EOP_ING_EOLI_ESA.EECF.ENVISAT_ASA_GMI_1S_EN1-07040421110700-33141.XGI.xml
554 urn_EOP_ING_EOLI_ESA.EECF.ALOS_PSM_O1_AL-07020410520691-518.Pr1.xml
555 urn_EOP_ING_EOLI_ESA.EECF.ALOS_AVNIR_AL-07042410155497-1036.AV0.xml
556 urn_EOP_ING_EOLI_ESA.EECF.ALOS_AVNIR_AL-07060811111488-1036.AV0.xml
557 urn_EOP_ING_EOLI_ESA.EECF.ENVISAT_ASA_APx_xS_EN1-07061208383096-3692.XPC.xml
558 urn_EOP_ING_EOLI_ESA.EECF.ALOS_PSR_FD_AL-07060822182078-1640.Pfd.xml
559 urn_EOP_ING_EOLI_ESA.EECF.ENVISAT_ASA_GMI_1S_EN1-07111109014321-33745.XGI.xml
560 urn_EOP_ING_EOLI_ESA.EECF.ALOS_AVNIR_AL-07051511225120-1036.AV0.xml
561 urn_EOP_ING_EOLI_ESA.EECF.ENVISAT_ASA_APx_xS_EN1-07021421501812-3951.XPC.xml
562 urn_EOP_ING_EOLI_ESA.EECF.ALOS_AVNIR_AL-07030710333743-1036.AV0.xml
563 urn_EOP_ING_EOLI_ESA.EECF.ALOS_AVNIR_AL-07040210064813-1036.AV0.xml
564 urn_EOP_ING_EOLI_ESA.EECF.ALOS_AVNIR_AL-07011411245057-1036.AV0.xml
565 urn_EOP_ING_EOLI_ESA.EECF.ENVISAT_ASA_GMI_1S_EN1-07100322180904-82144.XGI.xml
566 urn_EOP_ING_EOLI_ESA.EECF.ALOS_AVNIR_AL-07052011291896-1036.AV0.xml
567 urn_EOP_ING_EOLI_ESA.EECF.ALOS_AVNIR_AL-07050509323007-1036.AV0.xml
568 urn_EOP_ING_EOLI_ESA.EECF.ENVISAT_ASA_GMI_1S_EN1-07060510421045-14868.XGI.xml
569 urn_EOP_ING_EOLI_ESA.EECF.ENVISAT_ASA_APx_xS_EN1-07062022263681-3814.XPC.xml
570 urn_EOP_ING_EOLI_ESA.EECF.ENVISAT_ASA_GMI_1S_EN1-07030409214465-14265.XGI.xml
571 urn_EOP_ING_EOLI_ESA.EECF.ALOS_PSR_FD_AL-07010310294530-1640.Pfd.xml
572 urn_EOP_ING_EOLI_ESA.EECF.ALOS_AVNIR_AL-07051711054224-1036.AV0.xml
573 urn_EOP_ING_EOLI_ESA.EECF.ALOS_AVNIR_AL-07051711051760-1036.AV0.xml
574 urn_EOP_ING_EOLI_ESA.EECF.ALOS_AVNIR_AL-07052509553210-1036.AV0.xml
575 urn_EOP_ING_EOLI_ESA.EECF.ALOS_AVNIR_AL-07051711053402-1036.AV0.xml
576 urn_EOP_ING_EOLI_ESA.EECF.ALOS_PSM_O1_AL-07021110414604-518.Pr1.xml
577 urn_EOP_ING_EOLI_ESA.EECF.ALOS_PSM_O1_AL-07012510380842-518.Pr1.xml
578 urn_EOP_ING_EOLI_ESA.EECF.ALOS_AVNIR_AL-07052709410618-1036.AV0.xml
579 urn_EOP_ING_EOLI_ESA.EECF.ALOS_AVNIR_AL-07052211103873-1036.AV0.xml
580 urn_EOP_ING_EOLI_ESA.EECF.ALOS_AVNIR_AL-07041811053970-1036.AV0.xml
581 urn_EOP_ING_EOLI_ESA.EECF.ALOS_AVNIR_AL-07051711055866-1036.AV0.xml
582 urn_EOP_ING_EOLI_ESA.EECF.ENVISAT_ASA_GMI_1S_EN1-07090910244194-12452.XGI.xml
583 urn_EOP_ING_EOLI_ESA.EECF.ENVISAT_ASA_IMx_xS_EN1-07012109432125-21373.XI.xml
584 urn_EOP_ING_EOLI_ESA.EECF.ALOS_AVNIR_AL-07060410093736-1036.AV0.xml
585 urn_EOP_ING_EOLI_ESA.EECF.ALOS_AVNIR_AL-07042210324098-1036.AV0.xml
586 urn_EOP_ING_EOLI_ESA.EECF.ALOS_AVNIR_AL-07040411282159-1036.AV0.xml
587 urn_EOP_ING_EOLI_ESA.EECF.ALOS_AVNIR_AL-07050710521618-1036.AV0.xml
588 urn_EOP_ING_EOLI_ESA.EECF.ENVISAT_ASA_GMI_1S_EN1-07112620301778-170711.XGI.xml
589 urn_EOP_ING_EOLI_ESA.EECF.ALOS_AVNIR_AL-07051610253569-1036.AV0.xml
590 urn_EOP_ING_EOLI_ESA.EECF.ALOS_PSM_O1_AL-07021110403212-518.Pr1.xml
591 urn_EOP_ING_EOLI_ESA.EECF.ALOS_PSR_FD_AL-07060822170685-1640.Pfd.xml
592 urn_EOP_ING_EOLI_ESA.EECF.ALOS_AVNIR_AL-07040210074563-1036.AV0.xml
593 urn_EOP_ING_EOLI_ESA.EECF.ENVISAT_ASA_GMI_1S_EN1-07122509162960-20077.XGI.xml
594 urn_EOP_ING_EOLI_ESA.EECF.ALOS_PSR_FD_AL-07060721345859-1640.Pfd.xml
595 urn_EOP_ING_EOLI_ESA.EECF.ENVISAT_ASA_GMI_1S_EN1-07030221282404-151231.XGI.xml
596 urn_EOP_ING_EOLI_ESA.EECF.ALOS_AVNIR_AL-07041710261549-1036.AV0.xml
597 urn_EOP_ING_EOLI_ESA.EECF.ENVISAT_ASA_GMI_1S_EN1-07042022351664-72705.XGI.xml
598 urn_EOP_ING_EOLI_ESA.EECF.ALOS_AVNIR_AL-07060811124521-1036.AV0.xml
599 urn_EOP_ING_EOLI_ESA.EECF.ENVISAT_ASA_GMI_1S_EN1-07110120203552-121709.XGI.xml
600 urn_EOP_ING_EOLI_ESA.EECF.ENVISAT_ASA_IMx_xS_EN1-07012321383042-32245.XI.xml
601 urn_EOP_ING_EOLI_ESA.EECF.ALOS_PSM_O1_AL-07012111134192-518.Pr1.xml
602 urn_EOP_ING_EOLI_ESA.EECF.ENVISAT_ASA_GMI_1S_EN1-07012420511014-152440.XGI.xml
603 urn_EOP_ING_EOLI_ESA.EECF.ENVISAT_ASA_GMI_1S_EN1-07100108562166-12451.XGI.xml
604 urn_EOP_ING_EOLI_ESA.EECF.ALOS_AVNIR_AL-07042510561455-1036.AV0.xml
605 urn_EOP_ING_EOLI_ESA.EECF.ENVISAT_ASA_GMI_1S_EN1-07021720152003-11243.XGI.xml
606 urn_EOP_ING_EOLI_ESA.EECF.ALOS_AVNIR_AL-07041510422013-1036.AV0.xml
607 urn_EOP_ING_EOLI_ESA.EECF.ALOS_PSM_O1_AL-07012510392234-518.Pr1.xml
608 urn_EOP_ING_EOLI_ESA.EECF.ENVISAT_ASA_GMI_1S_EN1-07051421380106-113479.XGI.xml
609 urn_EOP_ING_EOLI_ESA.EECF.ENVISAT_ASA_IMx_xS_EN1-07012209105342-13589.XI.xml
610 urn_EOP_ING_EOLI_ESA.EECF.ALOS_AVNIR_AL-07041611223362-1036.AV0.xml
611 urn_EOP_ING_EOLI_ESA.EECF.ALOS_AVNIR_AL-07032311315775-1036.AV0.xml
612 urn_EOP_ING_EOLI_ESA.EECF.ALOS_AVNIR_AL-07052711175426-1036.AV0.xml
613 urn_EOP_ING_EOLI_ESA.EECF.ALOS_AVNIR_AL-07060811104204-1036.AV0.xml
614 urn_EOP_ING_EOLI_ESA.EECF.ALOS_PSM_O1_AL-07012111134603-518.Pr1.xml
615 urn_EOP_ING_EOLI_ESA.EECF.ENVISAT_ASA_IMx_xS_EN1-07011809365611-31045.XI.xml
616 urn_EOP_ING_EOLI_ESA.EECF.ALOS_AVNIR_AL-07060710315907-1036.AV0.xml
617 urn_EOP_ING_EOLI_ESA.EECF.ALOS_AVNIR_AL-07010110475953-1036.AV0.xml
618 urn_EOP_ING_EOLI_ESA.EECF.ENVISAT_ASA_GMI_1S_EN1-07081620401815-125334.XGI.xml
619 urn_EOP_ING_EOLI_ESA.EECF.ENVISAT_ASA_GMI_1S_EN1-07121920121099-115896.XGI.xml
620 urn_EOP_ING_EOLI_ESA.EECF.ENVISAT_ASA_GMI_1S_EN1-07072321511802-11244.XGI.xml
621 urn_EOP_ING_EOLI_ESA.EECF.ALOS_PSR_FD_AL-07061022031377-1640.Pfd.xml
622 urn_EOP_ING_EOLI_ESA.EECF.ENVISAT_ASA_APx_xS_EN1-07040310233059-3740.XPC.xml
623 urn_EOP_ING_EOLI_ESA.EECF.ALOS_AVNIR_AL-07030811122879-1036.AV0.xml
624 urn_EOP_ING_EOLI_ESA.EECF.ALOS_AVNIR_AL-07051111535418-1036.AV0.xml
625 urn_EOP_ING_EOLI_ESA.EECF.ENVISAT_ASA_GMI_1S_EN1-07121620240175-10639.XGI.xml
626 urn_EOP_ING_EOLI_ESA.EECF.ALOS_PSR_FD_AL-07010510102460-1640.Pfd.xml
627 urn_EOP_ING_EOLI_ESA.EECF.ALOS_AVNIR_AL-07032410345047-1036.AV0.xml
628 urn_EOP_ING_EOLI_ESA.EECF.ALOS_AVNIR_AL-07052209315565-1036.AV0.xml
629 urn_EOP_ING_EOLI_ESA.EECF.ALOS_AVNIR_AL-07052709413904-1036.AV0.xml
630 urn_EOP_ING_EOLI_ESA.EECF.ALOS_PSR_FD_AL-07011810495075-1640.Pfd.xml
631 urn_EOP_ING_EOLI_ESA.EECF.ENVISAT_ASA_GMI_1S_EN1-07010820541872-132960.XGI.xml
632 urn_EOP_ING_EOLI_ESA.EECF.ALOS_PSR_FD_AL-07060923001297-1640.Pfd.xml
633 urn_EOP_ING_EOLI_ESA.EECF.ENVISAT_ASA_APx_xS_EN1-07030210291562-3805.XPC.xml
634 urn_EOP_ING_EOLI_ESA.EECF.ENVISAT_ASA_IMx_xS_EN1-07011320132347-15104.XI.xml
635 urn_EOP_ING_EOLI_ESA.EECF.ALOS_AVNIR_AL-07040310474289-1036.AV0.xml
636 urn_EOP_ING_EOLI_ESA.EECF.ALOS_PSR_FD_AL-07060822212966-1640.Pfd.xml
637 urn_EOP_ING_EOLI_ESA.EECF.ENVISAT_ASA_GMI_1S_EN1-07121609014151-15472.XGI.xml
638 urn_EOP_ING_EOLI_ESA.EECF.ALOS_AVNIR_AL-07050511095101-1036.AV0.xml
639 urn_EOP_ING_EOLI_ESA.EECF.ALOS_AVNIR_AL-07011611043208-1036.AV0.xml
640 urn_EOP_ING_EOLI_ESA.EECF.ALOS_AVNIR_AL-07042311135179-1036.AV0.xml
641 urn_EOP_ING_EOLI_ESA.EECF.ALOS_AVNIR_AL-07010709544555-1036.AV0.xml
642 urn_EOP_ING_EOLI_ESA.EECF.ALOS_PSM_O1_AL-07021110413782-518.Pr1.xml
643 urn_EOP_ING_EOLI_ESA.EECF.ENVISAT_ASA_GMI_1S_EN1-07062510124924-23098.XGI.xml
644 urn_EOP_ING_EOLI_ESA.EECF.ENVISAT_ASA_GMI_1S_EN1-07041321041529-193817.XGI.xml
645 urn_EOP_ING_EOLI_ESA.EECF.ALOS_AVNIR_AL-07051110181179-1036.AV0.xml
646 urn_EOP_ING_EOLI_ESA.EECF.ENVISAT_ASA_APx_xS_EN1-07080221391598-5443.XPH.xml
647 urn_EOP_ING_EOLI_ESA.EECF.ALOS_PSR_FD_AL-07060921202424-1640.Pfd.xml
648 urn_EOP_ING_EOLI_ESA.EECF.ENVISAT_ASA_GMI_1S_EN1-07061722123462-72101.XGI.xml
649 urn_EOP_ING_EOLI_ESA.EECF.ALOS_PSM_O1_AL-07011110585612-518.Pr1.xml
650 urn_EOP_ING_EOLI_ESA.EECF.ALOS_AVNIR_AL-07011211381824-1036.AV0.xml
651 urn_EOP_ING_EOLI_ESA.EECF.ENVISAT_ASA_GMI_1S_EN1-07092219532364-34349.XGI.xml
652 urn_EOP_ING_EOLI_ESA.EECF.ALOS_PSR_FD_AL-07060822162578-1640.Pfd.xml
653 urn_EOP_ING_EOLI_ESA.EECF.ENVISAT_ASA_GMI_1S_EN1-07071522323017-74518.XGI.xml
654 urn_EOP_ING_EOLI_ESA.EECF.ALOS_PSR_FD_AL-07060922564763-1640.Pfd.xml
655 urn_EOP_ING_EOLI_ESA.EECF.ENVISAT_ASA_GMI_1S_EN1-07120720044381-30724.XGI.xml
656 urn_EOP_ING_EOLI_ESA.EECF.ALOS_AVNIR_AL-07030410092786-1036.AV0.xml
657 urn_EOP_ING_EOLI_ESA.EECF.ALOS_AVNIR_AL-07052511352908-1036.AV0.xml
658 urn_EOP_ING_EOLI_ESA.EECF.ALOS_PSM_O1_AL-07020910563187-518.Pr1.xml
659 urn_EOP_ING_EOLI_ESA.EECF.ENVISAT_ASA_GMI_1S_EN1-07102410085913-23099.XGI.xml
660 urn_EOP_ING_EOLI_ESA.EECF.ALOS_AVNIR_AL-07051410422117-1036.AV0.xml
661 urn_EOP_ING_EOLI_ESA.EECF.ALOS_AVNIR_AL-07060311063667-1036.AV0.xml
662 urn_EOP_ING_EOLI_ESA.EECF.ENVISAT_ASA_GMI_1S_EN1-07102008591033-33141.XGI.xml
663 urn_EOP_ING_EOLI_ESA.EECF.ALOS_AVNIR_AL-07022510194625-1036.AV0.xml
664 urn_EOP_ING_EOLI_ESA.EECF.ENVISAT_ASA_GMI_1S_EN1-07071721193928-170108.XGI.xml
665 urn_EOP_ING_EOLI_ESA.EECF.ALOS_AVNIR_AL-07041310590565-1036.AV0.xml
666 urn_EOP_ING_EOLI_ESA.EECF.ALOS_AVNIR_AL-07042710393334-1036.AV0.xml
667 urn_EOP_ING_EOLI_ESA.EECF.ENVISAT_ASA_GMI_1S_EN1-07030521375981-110458.XGI.xml
668 urn_EOP_ING_EOLI_ESA.EECF.ALOS_AVNIR_AL-07050610114615-1036.AV0.xml
669 urn_EOP_ING_EOLI_ESA.EECF.ENVISAT_ASA_GMI_1S_EN1-07102309002686-10639.XGI.xml
670 urn_EOP_ING_EOLI_ESA.EECF.ALOS_AVNIR_AL-07031410214836-1036.AV0.xml
671 urn_EOP_ING_EOLI_ESA.EECF.ALOS_AVNIR_AL-07010709540449-1036.AV0.xml
672 urn_EOP_ING_EOLI_ESA.EECF.ALOS_AVNIR_AL-07021911095263-1036.AV0.xml
673 urn_EOP_ING_EOLI_ESA.EECF.ALOS_AVNIR_AL-07051711055045-1036.AV0.xml
674 urn_EOP_ING_EOLI_ESA.EECF.ALOS_PSR_FD_AL-07060723132517-1640.Pfd.xml
675 urn_EOP_ING_EOLI_ESA.EECF.ALOS_AVNIR_AL-07040210082669-1036.AV0.xml
676 urn_EOP_ING_EOLI_ESA.EECF.ENVISAT_ASA_GMI_1S_EN1-07082220465572-180150.XGI.xml
677 urn_EOP_ING_EOLI_ESA.EECF.ENVISAT_ASA_IMx_xS_EN1-07011920231380-21875.XI.xml
678 urn_EOP_ING_EOLI_ESA.EECF.ALOS_AVNIR_AL-07051210575260-1036.AV0.xml
679 urn_EOP_ING_EOLI_ESA.EECF.ALOS_PSR_FD_AL-07060822193469-1640.Pfd.xml
680 urn_EOP_ING_EOLI_ESA.EECF.ALOS_AVNIR_AL-07051210591473-1036.AV0.xml
681 urn_EOP_ING_EOLI_ESA.EECF.ALOS_AVNIR_AL-07051610241356-1036.AV0.xml
682 urn_EOP_ING_EOLI_ESA.EECF.ALOS_AVNIR_AL-07011611031818-1036.AV0.xml
683 urn_EOP_ING_EOLI_ESA.EECF.ALOS_PSR_FD_AL-07011810503181-1640.Pfd.xml
684 urn_EOP_ING_EOLI_ESA.EECF.ALOS_AVNIR_AL-07040210075384-1036.AV0.xml
685 urn_EOP_ING_EOLI_ESA.EECF.ENVISAT_ASA_APx_xS_EN1-07100410403351-3813.XPH.xml
686 urn_EOP_ING_EOLI_ESA.EECF.ALOS_AVNIR_AL-07040210070456-1036.AV0.xml
687 urn_EOP_ING_EOLI_ESA.EECF.ALOS_PSR_FD_AL-07060721345037-1640.Pfd.xml
688 urn_EOP_ING_EOLI_ESA.EECF.ENVISAT_ASA_APx_xS_EN1-07082221100581-4386.XPH.xml
689 urn_EOP_ING_EOLI_ESA.EECF.ENVISAT_ASA_APx_xS_EN1-07061021042604-4465.XPH.xml
690 urn_EOP_ING_EOLI_ESA.EECF.ENVISAT_ASA_GMI_1S_EN1-07122220354202-10639.XGI.xml
691 urn_EOP_ING_EOLI_ESA.EECF.ALOS_AVNIR_AL-07050710515975-1036.AV0.xml
692 urn_EOP_ING_EOLI_ESA.EECF.ALOS_AVNIR_AL-07031111374386-1036.AV0.xml
693 urn_EOP_ING_EOLI_ESA.EECF.ENVISAT_ASA_GMI_1S_EN1-07060910151630-20681.XGI.xml
694 urn_EOP_ING_EOLI_ESA.EECF.ENVISAT_ASA_IMx_xS_EN1-07011310341713-25967.XI.xml
695 urn_EOP_ING_EOLI_ESA.EECF.ALOS_PSR_FD_AL-07060921224385-1640.Pfd.xml
696 urn_EOP_ING_EOLI_ESA.EECF.ENVISAT_ASA_GMI_1S_EN1-07032720051513-143001.XGI.xml
697 urn_EOP_ING_EOLI_ESA.EECF.ALOS_AVNIR_AL-07032710565642-1036.AV0.xml
698 urn_EOP_ING_EOLI_ESA.EECF.ENVISAT_ASA_GMI_1S_EN1-07022222264215-75727.XGI.xml
699 urn_EOP_ING_EOLI_ESA.EECF.ALOS_AVNIR_AL-07060811105846-1036.AV0.xml
700 urn_EOP_ING_EOLI_ESA.EECF.ENVISAT_ASA_GMI_1S_EN1-07091208533538-42578.XGI.xml
701 urn_EOP_ING_EOLI_ESA.EECF.ENVISAT_ASA_GMI_1S_EN1-07052522351929-72705.XGI.xml
702 urn_EOP_ING_EOLI_ESA.EECF.ENVISAT_ASA_GMI_1S_EN1-07080219592005-10034.XGI.xml
703 urn_EOP_ING_EOLI_ESA.EECF.ALOS_AVNIR_AL-07011611032639-1036.AV0.xml
704 urn_EOP_ING_EOLI_ESA.EECF.ALOS_AVNIR_AL-07031710450096-1036.AV0.xml
705 urn_EOP_ING_EOLI_ESA.EECF.ALOS_AVNIR_AL-07010310310702-1036.AV0.xml
706 urn_EOP_ING_EOLI_ESA.EECF.ALOS_AVNIR_AL-07032511143125-1036.AV0.xml
707 urn_EOP_ING_EOLI_ESA.EECF.ENVISAT_ASA_GMI_1S_EN1-07040319570514-50808.XGI.xml
708 urn_EOP_ING_EOLI_ESA.EECF.ENVISAT_ASA_IMx_xS_EN1-07010209393356-13536.XI.xml
709 urn_EOP_ING_EOLI_ESA.EECF.ALOS_AVNIR_AL-07050610121900-1036.AV0.xml
710 urn_EOP_ING_EOLI_ESA.EECF.ENVISAT_ASA_GMI_1S_EN1-07032521184431-21285.XGI.xml
711 urn_EOP_ING_EOLI_ESA.EECF.ALOS_PSR_FD_AL-07060922581799-1640.Pfd.xml
712 urn_EOP_ING_EOLI_ESA.EECF.ENVISAT_ASA_GMI_1S_EN1-07040220160129-152439.XGI.xml
713 urn_EOP_ING_EOLI_ESA.EECF.ALOS_PSR_FD_AL-07060921191853-1640.Pfd.xml
714 urn_EOP_ING_EOLI_ESA.EECF.ALOS_AVNIR_AL-07060410082345-1036.AV0.xml
715 urn_EOP_ING_EOLI_ESA.EECF.ALOS_AVNIR_AL-07010411123500-1036.AV0.xml
716 urn_EOP_ING_EOLI_ESA.EECF.ALOS_PSM_O1_AL-07020410522744-518.Pr1.xml
717 urn_EOP_ING_EOLI_ESA.EECF.ALOS_AVNIR_AL-07051711052581-1036.AV0.xml
718 urn_EOP_ING_EOLI_ESA.EECF.ALOS_AVNIR_AL-07051310000420-1036.AV0.xml
719 urn_EOP_ING_EOLI_ESA.EECF.ALOS_AVNIR_AL-07050811335178-1036.AV0.xml
720 urn_EOP_ING_EOLI_ESA.EECF.ENVISAT_ASA_APx_xS_EN1-07050709131053-3812.XPC.xml
721 urn_EOP_ING_EOLI_ESA.EECF.ALOS_AVNIR_AL-07030710324815-1036.AV0.xml
722 urn_EOP_ING_EOLI_ESA.EECF.ENVISAT_ASA_GMI_1S_EN1-07070322094510-85769.XGI.xml
723 urn_EOP_ING_EOLI_ESA.EECF.ALOS_PSM_O1_AL-07012510380432-518.Pr1.xml
724 urn_EOP_ING_EOLI_ESA.EECF.ENVISAT_ASA_GMI_1S_EN1-07112221083703-50204.XGI.xml
725 urn_EOP_ING_EOLI_ESA.EECF.ALOS_AVNIR_AL-07010510122747-1036.AV0.xml
726 urn_EOP_ING_EOLI_ESA.EECF.ALOS_AVNIR_AL-07052711170499-1036.AV0.xml
727 urn_EOP_ING_EOLI_ESA.EECF.ALOS_PSR_FD_AL-07060921221101-1640.Pfd.xml
728 urn_EOP_ING_EOLI_ESA.EECF.ENVISAT_ASA_GMI_1S_EN1-07020721575936-82747.XGI.xml
729 urn_EOP_ING_EOLI_ESA.EECF.ALOS_PSR_FD_AL-07060822152827-1640.Pfd.xml
730 urn_EOP_ING_EOLI_ESA.EECF.ENVISAT_ASA_GMI_1S_EN1-07082022011585-72706.XGI.xml
731 urn_EOP_ING_EOLI_ESA.EECF.ENVISAT_ASA_GMI_1S_EN1-07070510023849-73914.XGI.xml
732 urn_EOP_ING_EOLI_ESA.EECF.ENVISAT_ASA_GMI_1S_EN1-07111022234808-95207.XGI.xml
733 urn_EOP_ING_EOLI_ESA.EECF.ALOS_PSR_FD_AL-07060922582620-1640.Pfd.xml
734 urn_EOP_ING_EOLI_ESA.EECF.ENVISAT_ASA_GMI_1S_EN1-07020819583467-10639.XGI.xml
735 urn_EOP_ING_EOLI_ESA.EECF.ALOS_AVNIR_AL-07031111350782-1036.AV0.xml
736 urn_EOP_ING_EOLI_ESA.EECF.ALOS_AVNIR_AL-07051310010990-1036.AV0.xml
737 urn_EOP_ING_EOLI_ESA.EECF.ENVISAT_ASA_GMI_1S_EN1-07100922293232-75123.XGI.xml
738 urn_EOP_ING_EOLI_ESA.EECF.ALOS_AVNIR_AL-07011510275996-1036.AV0.xml
739 urn_EOP_ING_EOLI_ESA.EECF.ALOS_PSR_FD_AL-07011810490968-1640.Pfd.xml
740 urn_EOP_ING_EOLI_ESA.EECF.ALOS_AVNIR_AL-07050809565550-1036.AV0.xml
741 urn_EOP_ING_EOLI_ESA.EECF.ENVISAT_ASA_GMI_1S_EN1-07021922230806-72101.XGI.xml
742 urn_EOP_ING_EOLI_ESA.EECF.ALOS_PSR_FD_AL-07061022030556-1640.Pfd.xml
743 urn_EOP_ING_EOLI_ESA.EECF.ALOS_PSM_O1_AL-07011110592076-518.Pr1.xml
744 urn_EOP_ING_EOLI_ESA.EECF.ALOS_AVNIR_AL-07032511152053-1036.AV0.xml
745 urn_EOP_ING_EOLI_ESA.EECF.ALOS_AVNIR_AL-07051311395296-1036.AV0.xml
746 urn_EOP_ING_EOLI_ESA.EECF.ALOS_AVNIR_AL-07011710085530-1036.AV0.xml
747 urn_EOP_ING_EOLI_ESA.EECF.ALOS_AVNIR_AL-07041910101082-1036.AV0.xml
748 urn_EOP_ING_EOLI_ESA.EECF.ENVISAT_ASA_GMI_1S_EN1-07061810370127-63872.XGI.xml
749 urn_EOP_ING_EOLI_ESA.EECF.ALOS_AVNIR_AL-07042210312707-1036.AV0.xml
750 urn_EOP_ING_EOLI_ESA.EECF.ALOS_PSM_O1_AL-07012111151227-518.Pr1.xml
751 urn_EOP_ING_EOLI_ESA.EECF.ENVISAT_ASA_GMI_1S_EN1-07021121323179-80935.XGI.xml
752 urn_EOP_ING_EOLI_ESA.EECF.ALOS_PSR_FD_AL-07060923000476-1640.Pfd.xml
753 urn_EOP_ING_EOLI_ESA.EECF.ALOS_PSR_FD_AL-07060922583442-1640.Pfd.xml
754 urn_EOP_ING_EOLI_ESA.EECF.ENVISAT_ASA_GMI_1S_EN1-07081909465698-53829.XGI.xml
755 urn_EOP_ING_EOLI_ESA.EECF.ENVISAT_ASA_GMI_1S_EN1-07052121093290-185588.XGI.xml
756 urn_EOP_ING_EOLI_ESA.EECF.ALOS_PSM_O1_AL-07021110415014-518.Pr1.xml
757 urn_EOP_ING_EOLI_ESA.EECF.ALOS_AVNIR_AL-07010810382498-1036.AV0.xml
758 urn_EOP_ING_EOLI_ESA.EECF.ALOS_AVNIR_AL-07051410411547-1036.AV0.xml
759 urn_EOP_ING_EOLI_ESA.EECF.ALOS_AVNIR_AL-07050509332757-1036.AV0.xml
760 urn_EOP_ING_EOLI_ESA.EECF.ALOS_AVNIR_AL-07042510563919-1036.AV0.xml
761 urn_EOP_ING_EOLI_ESA.EECF.ALOS_AVNIR_AL-07010709530701-1036.AV0.xml
762 urn_EOP_ING_EOLI_ESA.EECF.ENVISAT_ASA_GMI_1S_EN1-07080521323551-75727.XGI.xml
763 urn_EOP_ING_EOLI_ESA.EECF.ALOS_AVNIR_AL-07042609584972-1036.AV0.xml
764 urn_EOP_ING_EOLI_ESA.EECF.ALOS_AVNIR_AL-07032710582676-1036.AV0.xml
765 urn_EOP_ING_EOLI_ESA.EECF.ALOS_PSR_FD_AL-07061022041125-1640.Pfd.xml
766 urn_EOP_ING_EOLI_ESA.EECF.ENVISAT_ASA_GMI_1S_EN1-07070121221677-171315.XGI.xml
767 urn_EOP_ING_EOLI_ESA.EECF.ENVISAT_ASA_GMI_1S_EN1-07061820112600-21890.XGI.xml
768 urn_EOP_ING_EOLI_ESA.EECF.ENVISAT_ASA_APx_xS_EN1-07040421064046-5335.XPC.xml
769 urn_EOP_ING_EOLI_ESA.EECF.ENVISAT_ASA_GMI_1S_EN1-07060809102923-34953.XGI.xml
770 urn_EOP_ING_EOLI_ESA.EECF.ENVISAT_ASA_APx_xS_EN1-07071010452030-3813.XPH.xml
771 urn_EOP_ING_EOLI_ESA.EECF.ALOS_AVNIR_AL-07051011151926-1036.AV0.xml
772 urn_EOP_ING_EOLI_ESA.EECF.ALOS_AVNIR_AL-07051210565512-1036.AV0.xml
773 urn_EOP_ING_EOLI_ESA.EECF.ALOS_AVNIR_AL-07031410223763-1036.AV0.xml
774 urn_EOP_ING_EOLI_ESA.EECF.ENVISAT_ASA_GMI_1S_EN1-07040109462964-30120.XGI.xml
775 urn_EOP_ING_EOLI_ESA.EECF.ALOS_AVNIR_AL-07031410225406-1036.AV0.xml
776 urn_EOP_ING_EOLI_ESA.EECF.ALOS_AVNIR_AL-07051311385548-1036.AV0.xml
777 urn_EOP_ING_EOLI_ESA.EECF.ENVISAT_ASA_IMx_xS_EN1-07012321410127-21934.XI.xml
778 urn_EOP_ING_EOLI_ESA.EECF.ALOS_AVNIR_AL-07031311191196-1036.AV0.xml
779 urn_EOP_ING_EOLI_ESA.EECF.ENVISAT_ASA_GMI_1S_EN1-07090920005965-41370.XGI.xml
780 urn_EOP_ING_EOLI_ESA.EECF.ENVISAT_ASA_GMI_1S_EN1-07011021264546-193213.XGI.xml
781 urn_EOP_ING_EOLI_ESA.EECF.ALOS_PSM_O1_AL-07011110581917-518.Pr1.xml
782 urn_EOP_ING_EOLI_ESA.EECF.ENVISAT_ASA_GMI_1S_EN1-07051920524185-10639.XGI.xml
783 urn_EOP_ING_EOLI_ESA.EECF.ENVISAT_ASA_GMI_1S_EN1-07101421433712-11848.XGI.xml
784 urn_EOP_ING_EOLI_ESA.EECF.ALOS_AVNIR_AL-07032410342584-1036.AV0.xml
785 urn_EOP_ING_EOLI_ESA.EECF.ALOS_AVNIR_AL-07060811135913-1036.AV0.xml
786 urn_EOP_ING_EOLI_ESA.EECF.ALOS_AVNIR_AL-07051110171431-1036.AV0.xml
787 urn_EOP_ING_EOLI_ESA.EECF.ENVISAT_ASA_GMI_1S_EN1-07120922122573-72101.XGI.xml
788 urn_EOP_ING_EOLI_ESA.EECF.ALOS_AVNIR_AL-07050910345761-1036.AV0.xml
789 urn_EOP_ING_EOLI_ESA.EECF.ENVISAT_ASA_GMI_1S_EN1-07010720015903-30119.XGI.xml
790 urn_EOP_ING_EOLI_ESA.EECF.ALOS_AVNIR_AL-07052711204675-1036.AV0.xml
791 urn_EOP_ING_EOLI_ESA.EECF.ENVISAT_ASA_GMI_1S_EN1-07112521230830-14264.XGI.xml
792 urn_EOP_ING_EOLI_ESA.EECF.ALOS_AVNIR_AL-07031311194481-1036.AV0.xml
793 urn_EOP_ING_EOLI_ESA.EECF.ALOS_AVNIR_AL-07032710575391-1036.AV0.xml
794 urn_EOP_ING_EOLI_ESA.EECF.ALOS_AVNIR_AL-07041311001135-1036.AV0.xml
795 urn_EOP_ING_EOLI_ESA.EECF.ENVISAT_ASA_GMI_1S_EN1-07051108433595-13055.XGI.xml
796 urn_EOP_ING_EOLI_ESA.EECF.ALOS_PSM_O1_AL-07012510383306-518.Pr1.xml
797 urn_EOP_ING_EOLI_ESA.EECF.ENVISAT_ASA_GMI_1S_EN1-07012522085466-71497.XGI.xml
798 urn_EOP_ING_EOLI_ESA.EECF.ALOS_PSR_FD_AL-07060922561477-1640.Pfd.xml
799 urn_EOP_ING_EOLI_ESA.EECF.ALOS_AVNIR_AL-07010711334507-1036.AV0.xml
800 urn_EOP_ING_EOLI_ESA.EECF.ALOS_AVNIR_AL-07060609542998-1036.AV0.xml
801 urn_EOP_ING_EOLI_ESA.EECF.ENVISAT_ASA_GMI_1S_EN1-07101520503435-183171.XGI.xml
802 urn_EOP_ING_EOLI_ESA.EECF.ENVISAT_ASA_IMx_xS_EN1-07011209250727-13527.XI.xml
803 urn_EOP_ING_EOLI_ESA.EECF.ALOS_PSR_FD_AL-07061022020807-1640.Pfd.xml
804 urn_EOP_ING_EOLI_ESA.EECF.ALOS_AVNIR_AL-07011409433144-1036.AV0.xml
805 urn_EOP_ING_EOLI_ESA.EECF.ALOS_AVNIR_AL-07042210325740-1036.AV0.xml
806 urn_EOP_ING_EOLI_ESA.EECF.ALOS_PSM_O1_AL-07020410531262-518.Pr1.xml
807 urn_EOP_ING_EOLI_ESA.EECF.ALOS_AVNIR_AL-07050410292910-1036.AV0.xml
808 urn_EOP_ING_EOLI_ESA.EECF.ENVISAT_ASA_GMI_1S_EN1-07021821191502-14869.XGI.xml
809 urn_EOP_ING_EOLI_ESA.EECF.ENVISAT_ASA_GMI_1S_EN1-07091020504942-171919.XGI.xml
810 urn_EOP_ING_EOLI_ESA.EECF.ALOS_AVNIR_AL-07042510564741-1036.AV0.xml
811 urn_EOP_ING_EOLI_ESA.EECF.ALOS_PSR_FD_AL-07060822154471-1640.Pfd.xml
812 urn_EOP_ING_EOLI_ESA.EECF.ALOS_AVNIR_AL-07030710315887-1036.AV0.xml
813 urn_EOP_ING_EOLI_ESA.EECF.ALOS_AVNIR_AL-07030811122058-1036.AV0.xml
814 urn_EOP_ING_EOLI_ESA.EECF.ALOS_AVNIR_AL-07060809365464-1036.AV0.xml
815 urn_EOP_ING_EOLI_ESA.EECF.ENVISAT_ASA_GMI_1S_EN1-07042510294408-21286.XGI.xml
816 urn_EOP_ING_EOLI_ESA.EECF.ALOS_AVNIR_AL-07051511240512-1036.AV0.xml
817 urn_EOP_ING_EOLI_ESA.EECF.ENVISAT_ASA_APx_xS_EN1-07061508443689-3889.XPH.xml
818 urn_EOP_ING_EOLI_ESA.EECF.ENVISAT_ASA_GMI_1S_EN1-07041020583783-192609.XGI.xml
819 urn_EOP_ING_EOLI_ESA.EECF.ENVISAT_ASA_APx_xS_EN1-07021121423062-3810.XPV.xml
820 urn_EOP_ING_EOLI_ESA.EECF.ALOS_AVNIR_AL-07042210323276-1036.AV0.xml
821 urn_EOP_ING_EOLI_ESA.EECF.ENVISAT_ASA_GMI_1S_EN1-07042309560134-81539.XGI.xml
822 urn_EOP_ING_EOLI_ESA.EECF.ENVISAT_ASA_GMI_1S_EN1-07031221100118-193817.XGI.xml
823 urn_EOP_ING_EOLI_ESA.EECF.ENVISAT_ASA_GMI_1S_EN1-07011710111312-10639.XGI.xml
824 urn_EOP_ING_EOLI_ESA.EECF.ALOS_AVNIR_AL-07031311182269-1036.AV0.xml
825 urn_EOP_ING_EOLI_ESA.EECF.ALOS_PSM_O1_AL-07012111141477-518.Pr1.xml
826 urn_EOP_ING_EOLI_ESA.EECF.ALOS_AVNIR_AL-07021911092799-1036.AV0.xml
827 urn_EOP_ING_EOLI_ESA.EECF.ALOS_AVNIR_AL-07020810142453-1036.AV0.xml
828 urn_EOP_ING_EOLI_ESA.EECF.ENVISAT_ASA_GMI_1S_EN1-07071922065556-82144.XGI.xml
829 urn_EOP_ING_EOLI_ESA.EECF.ENVISAT_ASA_GMI_1S_EN1-07041720480093-84561.XGI.xml
830 urn_EOP_ING_EOLI_ESA.EECF.ALOS_AVNIR_AL-07031111384957-1036.AV0.xml
831 urn_EOP_ING_EOLI_ESA.EECF.ENVISAT_ASA_APx_xS_EN1-07091808591986-5224.XPH.xml
832 urn_EOP_ING_EOLI_ESA.EECF.ALOS_AVNIR_AL-07031010544589-1036.AV0.xml
833 urn_EOP_ING_EOLI_ESA.EECF.ALOS_PSM_O1_AL-07012111135424-518.Pr1.xml
834 urn_EOP_ING_EOLI_ESA.EECF.ALOS_PSR_FD_AL-07060822213787-1640.Pfd.xml
835 urn_EOP_ING_EOLI_ESA.EECF.ALOS_AVNIR_AL-07052310150182-1036.AV0.xml
836 urn_EOP_ING_EOLI_ESA.EECF.ALOS_AVNIR_AL-07040411301658-1036.AV0.xml
837 urn_EOP_ING_EOLI_ESA.EECF.ALOS_AVNIR_AL-07040411292730-1036.AV0.xml
838 urn_EOP_ING_EOLI_ESA.EECF.ALOS_AVNIR_AL-07050910343298-1036.AV0.xml
839 urn_EOP_ING_EOLI_ESA.EECF.ALOS_AVNIR_AL-07031311190375-1036.AV0.xml
840 urn_EOP_ING_EOLI_ESA.EECF.ALOS_AVNIR_AL-07011510270246-1036.AV0.xml
841 urn_EOP_ING_EOLI_ESA.EECF.ENVISAT_ASA_GMI_1S_EN1-07111720363244-12452.XGI.xml
842 urn_EOP_ING_EOLI_ESA.EECF.ALOS_AVNIR_AL-07050610112151-1036.AV0.xml
843 urn_EOP_ING_EOLI_ESA.EECF.ALOS_AVNIR_AL-07052011294360-1036.AV0.xml
844 urn_EOP_ING_EOLI_ESA.EECF.ALOS_AVNIR_AL-07031111365458-1036.AV0.xml
845 urn_EOP_ING_EOLI_ESA.EECF.ENVISAT_ASA_APx_xS_EN1-07040310233059-3805.XPC.xml
846 urn_EOP_ING_EOLI_ESA.EECF.ENVISAT_ASA_GMI_1S_EN1-07031722060463-52621.XGI.xml
847 urn_EOP_ING_EOLI_ESA.EECF.ALOS_PSM_O1_AL-07012510390180-518.Pr1.xml
848 urn_EOP_ING_EOLI_ESA.EECF.ALOS_PSR_FD_AL-07011810501539-1640.Pfd.xml
849 urn_EOP_ING_EOLI_ESA.EECF.ALOS_PSR_FD_AL-07060923013509-1640.Pfd.xml
850 urn_EOP_ING_EOLI_ESA.EECF.ENVISAT_ASA_GMI_1S_EN1-07111309441755-25515.XGI.xml
851 urn_EOP_ING_EOLI_ESA.EECF.ALOS_AVNIR_AL-07011710102565-1036.AV0.xml
852 urn_EOP_ING_EOLI_ESA.EECF.ALOS_AVNIR_AL-07051011154390-1036.AV0.xml
853 urn_EOP_ING_EOLI_ESA.EECF.ALOS_AVNIR_AL-07031410214014-1036.AV0.xml
854 urn_EOP_ING_EOLI_ESA.EECF.ALOS_PSM_O1_AL-07012510393876-518.Pr1.xml
855 urn_EOP_ING_EOLI_ESA.EECF.ALOS_AVNIR_AL-07052410545084-1036.AV0.xml
856 urn_EOP_ING_EOLI_ESA.EECF.ALOS_AVNIR_AL-07011510273532-1036.AV0.xml
857 urn_EOP_ING_EOLI_ESA.EECF.ALOS_AVNIR_AL-07041111192475-1036.AV0.xml
858 urn_EOP_ING_EOLI_ESA.EECF.ENVISAT_ASA_IMx_xS_EN1-07010910584740-20246.XI.xml
859 urn_EOP_ING_EOLI_ESA.EECF.ALOS_AVNIR_AL-07050110060105-1036.AV0.xml
860 urn_EOP_ING_EOLI_ESA.EECF.ALOS_PSR_FD_AL-07060822220250-1640.Pfd.xml
861 urn_EOP_ING_EOLI_ESA.EECF.ALOS_AVNIR_AL-07010310303417-1036.AV0.xml
862 urn_EOP_ING_EOLI_ESA.EECF.ALOS_AVNIR_AL-07041111185190-1036.AV0.xml
863 urn_EOP_ING_EOLI_ESA.EECF.ALOS_AVNIR_AL-07011611052135-1036.AV0.xml
864 urn_EOP_ING_EOLI_ESA.EECF.ALOS_PSR_FD_AL-07060922572049-1640.Pfd.xml
865 urn_EOP_ING_EOLI_ESA.EECF.ALOS_AVNIR_AL-07031111380029-1036.AV0.xml
866 urn_EOP_ING_EOLI_ESA.EECF.ENVISAT_ASA_GMI_1S_EN1-07112320470129-21889.XGI.xml
867 urn_EOP_ING_EOLI_ESA.EECF.ALOS_AVNIR_AL-07040810554843-1036.AV0.xml
868 urn_EOP_ING_EOLI_ESA.EECF.ENVISAT_ASA_GMI_1S_EN1-07100709081592-20077.XGI.xml
869 urn_EOP_ING_EOLI_ESA.EECF.ALOS_AVNIR_AL-07032309511971-1036.AV0.xml
870 urn_EOP_ING_EOLI_ESA.EECF.ALOS_AVNIR_AL-07010610541203-1036.AV0.xml
871 urn_EOP_ING_EOLI_ESA.EECF.ALOS_AVNIR_AL-07032710581033-1036.AV0.xml
872 urn_EOP_ING_EOLI_ESA.EECF.ALOS_PSR_FD_AL-07060923002119-1640.Pfd.xml
873 urn_EOP_ING_EOLI_ESA.EECF.ALOS_AVNIR_AL-07060210263145-1036.AV0.xml
874 urn_EOP_ING_EOLI_ESA.EECF.ENVISAT_ASA_GMI_1S_EN1-07101622093969-71497.XGI.xml
875 urn_EOP_ING_EOLI_ESA.EECF.ENVISAT_ASA_GMI_1S_EN1-07062009321605-85165.XGI.xml
876 urn_EOP_ING_EOLI_ESA.EECF.ALOS_PSM_O1_AL-07020910563598-518.Pr1.xml
877 urn_EOP_ING_EOLI_ESA.EECF.ENVISAT_ASA_APx_xS_EN1-07070821204041-12089.XPH.xml
878 urn_EOP_ING_EOLI_ESA.EECF.ALOS_PSM_O1_AL-07020910561134-518.Pr1.xml
879 urn_EOP_ING_EOLI_ESA.EECF.ALOS_AVNIR_AL-07041111190832-1036.AV0.xml
880 urn_EOP_ING_EOLI_ESA.EECF.ALOS_AVNIR_AL-07011611051314-1036.AV0.xml
881 urn_EOP_ING_EOLI_ESA.EECF.ALOS_AVNIR_AL-07040409470249-1036.AV0.xml
882 urn_EOP_ING_EOLI_ESA.EECF.ALOS_AVNIR_AL-07041510430941-1036.AV0.xml
883 urn_EOP_ING_EOLI_ESA.EECF.ENVISAT_ASA_GMI_1S_EN1-07100622234911-72706.XGI.xml
884 urn_EOP_ING_EOLI_ESA.EECF.ALOS_AVNIR_AL-07051110173894-1036.AV0.xml
885 urn_EOP_ING_EOLI_ESA.EECF.ALOS_AVNIR_AL-07011411244236-1036.AV0.xml
886 urn_EOP_ING_EOLI_ESA.EECF.ENVISAT_ASA_GMI_1S_EN1-07120708365711-110458.XGI.xml
887 urn_EOP_ING_EOLI_ESA.EECF.ALOS_PSM_O1_AL-07012510402804-518.Pr1.xml
888 urn_EOP_ING_EOLI_ESA.EECF.ALOS_AVNIR_AL-07052009510052-1036.AV0.xml
889 urn_EOP_ING_EOLI_ESA.EECF.ALOS_AVNIR_AL-07031109591721-1036.AV0.xml
890 urn_EOP_ING_EOLI_ESA.EECF.ALOS_AVNIR_AL-07060811161055-1036.AV0.xml
891 urn_EOP_ING_EOLI_ESA.EECF.ALOS_AVNIR_AL-07060710324013-1036.AV0.xml
892 urn_EOP_ING_EOLI_ESA.EECF.ALOS_AVNIR_AL-07060811161877-1036.AV0.xml
893 urn_EOP_ING_EOLI_ESA.EECF.ALOS_AVNIR_AL-07041910083227-1036.AV0.xml
894 urn_EOP_ING_EOLI_ESA.EECF.ENVISAT_ASA_IMx_xS_EN1-07010609144748-50461.XI.xml
895 urn_EOP_ING_EOLI_ESA.EECF.ALOS_PSM_O1_AL-07011110590023-518.Pr1.xml
896 urn_EOP_ING_EOLI_ESA.EECF.ALOS_AVNIR_AL-07051410423760-1036.AV0.xml
897 urn_EOP_ING_EOLI_ESA.EECF.ALOS_PSM_O1_AL-07012111115516-518.Pr1.xml
898 urn_EOP_ING_EOLI_ESA.EECF.ALOS_AVNIR_AL-07060809352429-1036.AV0.xml
899 urn_EOP_ING_EOLI_ESA.EECF.ALOS_PSM_O1_AL-07011110582328-518.Pr1.xml
900 urn_EOP_ING_EOLI_ESA.EECF.ENVISAT_ASA_GMI_1S_EN1-07112320290490-121708.XGI.xml
901 urn_EOP_ING_EOLI_ESA.EECF.ENVISAT_ASA_GMI_1S_EN1-07082121193040-182566.XGI.xml
902 urn_EOP_ING_EOLI_ESA.EECF.ALOS_AVNIR_AL-07032210524160-1036.AV0.xml
903 urn_EOP_ING_EOLI_ESA.EECF.ALOS_AVNIR_AL-07031511024355-1036.AV0.xml
904 urn_EOP_ING_EOLI_ESA.EECF.ALOS_AVNIR_AL-07051511225941-1036.AV0.xml
905 urn_EOP_ING_EOLI_ESA.EECF.ALOS_AVNIR_AL-07031109590079-1036.AV0.xml
906 urn_EOP_ING_EOLI_ESA.EECF.ALOS_AVNIR_AL-07052711182712-1036.AV0.xml
907 urn_EOP_ING_EOLI_ESA.EECF.ALOS_PSR_FD_AL-07060822200754-1640.Pfd.xml
908 urn_EOP_ING_EOLI_ESA.EECF.ALOS_AVNIR_AL-07051111532955-1036.AV0.xml
909 urn_EOP_ING_EOLI_ESA.EECF.ENVISAT_ASA_APx_xS_EN1-07070708560771-3822.XPC.xml
910 urn_EOP_ING_EOLI_ESA.EECF.ALOS_PSR_FD_AL-07011810494253-1640.Pfd.xml
911 urn_EOP_ING_EOLI_ESA.EECF.ALOS_AVNIR_AL-07041910091333-1036.AV0.xml
912 urn_EOP_ING_EOLI_ESA.EECF.ALOS_PSR_FD_AL-07061021585916-1640.Pfd.xml
913 urn_EOP_ING_EOLI_ESA.EECF.ENVISAT_ASA_APx_xS_EN1-07062709102168-3818.XPV.xml
914 urn_EOP_ING_EOLI_ESA.EECF.ALOS_AVNIR_AL-07040810542629-1036.AV0.xml
915 urn_EOP_ING_EOLI_ESA.EECF.ALOS_PSM_O1_AL-07020410512585-518.Pr1.xml
916 urn_EOP_ING_EOLI_ESA.EECF.ENVISAT_ASA_GMI_1S_EN1-07102721344224-20077.XGI.xml
917 urn_EOP_ING_EOLI_ESA.EECF.ENVISAT_ASA_GMI_1S_EN1-07122720562521-172524.XGI.xml
918 urn_EOP_ING_EOLI_ESA.EECF.ENVISAT_ASA_GMI_1S_EN1-07102020151206-11847.XGI.xml
919 urn_EOP_ING_EOLI_ESA.EECF.ENVISAT_ASA_APx_xS_EN1-07052209422873-3905.XPC.xml
920 urn_EOP_ING_EOLI_ESA.EECF.ENVISAT_ASA_APx_xS_EN1-07031210125820-3895.XPV.xml
921 urn_EOP_ING_EOLI_ESA.EECF.ALOS_AVNIR_AL-07050410283983-1036.AV0.xml
922 urn_EOP_ING_EOLI_ESA.EECF.ALOS_AVNIR_AL-07031111351604-1036.AV0.xml
923 urn_EOP_ING_EOLI_ESA.EECF.ALOS_PSM_O1_AL-07020410524798-518.Pr1.xml
924 urn_EOP_ING_EOLI_ESA.EECF.ALOS_PSR_FD_AL-07061022010237-1640.Pfd.xml
925 urn_EOP_ING_EOLI_ESA.EECF.ENVISAT_ASA_GMI_1S_EN1-07081421491091-82748.XGI.xml
926 urn_EOP_ING_EOLI_ESA.EECF.ENVISAT_ASA_IMx_xS_EN1-07010809514599-15287.XI.xml
927 urn_EOP_ING_EOLI_ESA.EECF.ALOS_PSM_O1_AL-07020910581863-518.Pr1.xml
928 urn_EOP_ING_EOLI_ESA.EECF.ALOS_AVNIR_AL-07060710294768-1036.AV0.xml
929 urn_EOP_ING_EOLI_ESA.EECF.ALOS_AVNIR_AL-07032710572927-1036.AV0.xml
930 urn_EOP_ING_EOLI_ESA.EECF.ENVISAT_ASA_GMI_1S_EN1-07110420261756-121708.XGI.xml
931 urn_EOP_ING_EOLI_ESA.EECF.ALOS_AVNIR_AL-07052410541799-1036.AV0.xml
932 urn_EOP_ING_EOLI_ESA.EECF.ALOS_AVNIR_AL-07021810271921-1036.AV0.xml
933 urn_EOP_ING_EOLI_ESA.EECF.ALOS_PSM_O1_AL-07012510400340-518.Pr1.xml
934 urn_EOP_ING_EOLI_ESA.EECF.ALOS_AVNIR_AL-07011211392393-1036.AV0.xml
935 urn_EOP_ING_EOLI_ESA.EECF.ALOS_AVNIR_AL-07060210272894-1036.AV0.xml
936 urn_EOP_ING_EOLI_ESA.EECF.ALOS_AVNIR_AL-07021911132617-1036.AV0.xml
937 urn_EOP_ING_EOLI_ESA.EECF.ENVISAT_ASA_GMI_1S_EN1-07081420190601-31327.XGI.xml
938 urn_EOP_ING_EOLI_ESA.EECF.ALOS_AVNIR_AL-07051011150284-1036.AV0.xml
939 urn_EOP_ING_EOLI_ESA.EECF.ENVISAT_ASA_GMI_1S_EN1-07121020123329-10034.XGI.xml
940 urn_EOP_ING_EOLI_ESA.EECF.ENVISAT_ASA_IMx_xS_EN1-07012121025715-12247.XI.xml
941 urn_EOP_ING_EOLI_ESA.EECF.ENVISAT_ASA_APx_xS_EN1-07081921042574-4369.XPH.xml
942 urn_EOP_ING_EOLI_ESA.EECF.ENVISAT_ASA_GMI_1S_EN1-07111519591081-22494.XGI.xml
943 urn_EOP_ING_EOLI_ESA.EECF.ALOS_PSR_FD_AL-07060923024900-1640.Pfd.xml
944 urn_EOP_ING_EOLI_ESA.EECF.ALOS_AVNIR_AL-07011110591821-1036.AV0.xml
945 urn_EOP_ING_EOLI_ESA.EECF.ENVISAT_ASA_GMI_1S_EN1-07080422133087-10639.XGI.xml
946 urn_EOP_ING_EOLI_ESA.EECF.ALOS_AVNIR_AL-07040411282980-1036.AV0.xml
947 urn_EOP_ING_EOLI_ESA.EECF.ALOS_PSR_FD_AL-07060921223564-1640.Pfd.xml
948 urn_EOP_ING_EOLI_ESA.EECF.ALOS_PSR_FD_AL-07061022011058-1640.Pfd.xml
949 urn_EOP_ING_EOLI_ESA.EECF.ENVISAT_ASA_GMI_1S_EN1-07061120330185-11848.XGI.xml
950 urn_EOP_ING_EOLI_ESA.EECF.ALOS_PSM_O1_AL-07012111155745-518.Pr1.xml
951 urn_EOP_ING_EOLI_ESA.EECF.ALOS_AVNIR_AL-07042710390049-1036.AV0.xml
952 urn_EOP_ING_EOLI_ESA.EECF.ALOS_AVNIR_AL-07040411285444-1036.AV0.xml
953 urn_EOP_ING_EOLI_ESA.EECF.ENVISAT_ASA_GMI_1S_EN1-07011321412330-102832.XGI.xml
954 urn_EOP_ING_EOLI_ESA.EECF.ENVISAT_ASA_IMx_xS_EN1-07012210500664-20895.XI.xml
955 urn_EOP_ING_EOLI_ESA.EECF.ALOS_PSM_O1_AL-07020410521512-518.Pr1.xml
956 urn_EOP_ING_EOLI_ESA.EECF.ALOS_AVNIR_AL-07021911085515-1036.AV0.xml
957 urn_EOP_ING_EOLI_ESA.EECF.ENVISAT_ASA_IMx_xS_EN1-07011610412432-24664.XI.xml
958 urn_EOP_ING_EOLI_ESA.EECF.ALOS_AVNIR_AL-07031109581151-1036.AV0.xml
959 urn_EOP_ING_EOLI_ESA.EECF.ALOS_AVNIR_AL-07011411242593-1036.AV0.xml
960 urn_EOP_ING_EOLI_ESA.EECF.ENVISAT_ASA_GMI_1S_EN1-07102522270794-70288.XGI.xml
961 urn_EOP_ING_EOLI_ESA.EECF.ALOS_AVNIR_AL-07060710330477-1036.AV0.xml
962 urn_EOP_ING_EOLI_ESA.EECF.ENVISAT_ASA_GMI_1S_EN1-07071009003555-23098.XGI.xml
963 urn_EOP_ING_EOLI_ESA.EECF.ALOS_PSR_FD_AL-07060822185363-1640.Pfd.xml
964 urn_EOP_ING_EOLI_ESA.EECF.ALOS_AVNIR_AL-07031710453381-1036.AV0.xml
965 urn_EOP_ING_EOLI_ESA.EECF.ENVISAT_ASA_GMI_1S_EN1-07100108440303-82747.XGI.xml
966 urn_EOP_ING_EOLI_ESA.EECF.ALOS_AVNIR_AL-07040810540166-1036.AV0.xml
967 urn_EOP_ING_EOLI_ESA.EECF.ALOS_PSM_O1_AL-07011110584381-518.Pr1.xml
968 urn_EOP_ING_EOLI_ESA.EECF.ALOS_PSM_O1_AL-07012111113874-518.Pr1.xml
969 urn_EOP_ING_EOLI_ESA.EECF.ENVISAT_ASA_GMI_1S_EN1-07070620291401-125938.XGI.xml
970 urn_EOP_ING_EOLI_ESA.EECF.ALOS_AVNIR_AL-07050809561443-1036.AV0.xml
971 urn_EOP_ING_EOLI_ESA.EECF.ALOS_AVNIR_AL-07021911130974-1036.AV0.xml
972 urn_EOP_ING_EOLI_ESA.EECF.ALOS_PSM_O1_AL-07021110420657-518.Pr1.xml
973 urn_EOP_ING_EOLI_ESA.EECF.ENVISAT_ASA_GMI_1S_EN1-07060208540137-20681.XGI.xml
974 urn_EOP_ING_EOLI_ESA.EECF.ALOS_AVNIR_AL-07051111531313-1036.AV0.xml
975 urn_EOP_ING_EOLI_ESA.EECF.ENVISAT_ASA_GMI_1S_EN1-07030722201782-60247.XGI.xml
976 urn_EOP_ING_EOLI_ESA.EECF.ALOS_AVNIR_AL-07051110165788-1036.AV0.xml
977 urn_EOP_ING_EOLI_ESA.EECF.ALOS_AVNIR_AL-07032210544481-1036.AV0.xml
978 urn_EOP_ING_EOLI_ESA.EECF.ENVISAT_ASA_GMI_1S_EN1-07101309180585-85165.XGI.xml
979 urn_EOP_ING_EOLI_ESA.EECF.ALOS_AVNIR_AL-07060809341037-1036.AV0.xml
980 urn_EOP_ING_EOLI_ESA.EECF.ALOS_PSM_O1_AL-07012111112642-518.Pr1.xml
981 urn_EOP_ING_EOLI_ESA.EECF.ALOS_AVNIR_AL-07050509322186-1036.AV0.xml
982 urn_EOP_ING_EOLI_ESA.EECF.ALOS_PSR_FD_AL-07011810493432-1640.Pfd.xml
983 urn_EOP_ING_EOLI_ESA.EECF.ALOS_AVNIR_AL-07010510120283-1036.AV0.xml
984 urn_EOP_ING_EOLI_ESA.EECF.ENVISAT_ASA_IMx_xS_EN1-07011010301474-11802.XI.xml
985 urn_EOP_ING_EOLI_ESA.EECF.ALOS_PSR_FD_AL-07060922580156-1640.Pfd.xml
986 urn_EOP_ING_EOLI_ESA.EECF.ALOS_AVNIR_AL-07012111143275-1036.AV0.xml
987 urn_EOP_ING_EOLI_ESA.EECF.ENVISAT_ASA_GMI_1S_EN1-07011220283491-124730.XGI.xml
988 urn_EOP_ING_EOLI_ESA.EECF.ALOS_AVNIR_AL-07042210302958-1036.AV0.xml
989 urn_EOP_ING_EOLI_ESA.EECF.ALOS_AVNIR_AL-07052711173784-1036.AV0.xml
990 urn_EOP_ING_EOLI_ESA.EECF.ALOS_PSR_FD_AL-07060921211352-1640.Pfd.xml
991 urn_EOP_ING_EOLI_ESA.EECF.ALOS_AVNIR_AL-07021911091157-1036.AV0.xml
992 urn_EOP_ING_EOLI_ESA.EECF.ALOS_PSM_O1_AL-07021110424353-518.Pr1.xml
993 urn_EOP_ING_EOLI_ESA.EECF.ENVISAT_ASA_GMI_1S_EN1-07091610073664-81539.XGI.xml
994 urn_EOP_ING_EOLI_ESA.EECF.ALOS_AVNIR_AL-07051211005329-1036.AV0.xml
995 urn_EOP_ING_EOLI_ESA.EECF.ALOS_AVNIR_AL-07050811304291-1036.AV0.xml
996 urn_EOP_ING_EOLI_ESA.EECF.ENVISAT_ASA_GMI_1S_EN1-07052419551789-41975.XGI.xml
997 urn_EOP_ING_EOLI_ESA.EECF.ALOS_AVNIR_AL-07010510114640-1036.AV0.xml
998 urn_EOP_ING_EOLI_ESA.EECF.ALOS_AVNIR_AL-07050910335192-1036.AV0.xml
999 urn_EOP_ING_EOLI_ESA.EECF.ENVISAT_ASA_GMI_1S_EN1-07100309321065-85165.XGI.xml
1000 urn_EOP_ING_EOLI_ESA.EECF.ENVISAT_ASA_APx_xS_EN1-07071609131255-3812.XPV.xml
1001 urn_EOP_ING_EOLI_ESA.EECF.ALOS_AVNIR_AL-07030811125343-1036.AV0.xml
1002 urn_EOP_ING_EOLI_ESA.EECF.ALOS_AVNIR_AL-07060710303695-1036.AV0.xml
1003 urn_EOP_ING_EOLI_ESA.EECF.ALOS_PSM_O1_AL-07012111114695-518.Pr1.xml
1004 urn_EOP_ING_EOLI_ESA.EECF.ALOS_AVNIR_AL-07050511083710-1036.AV0.xml
1005 urn_EOP_ING_EOLI_ESA.EECF.ENVISAT_ASA_GMI_1S_EN1-07122209130686-14264.XGI.xml
1006 urn_EOP_ING_EOLI_ESA.EECF.ALOS_AVNIR_AL-07060609522677-1036.AV0.xml
1007 urn_EOP_ING_EOLI_ESA.EECF.ALOS_AVNIR_AL-07052711194104-1036.AV0.xml
1008 urn_EOP_ING_EOLI_ESA.EECF.ENVISAT_ASA_GMI_1S_EN1-07041109271771-20078.XGI.xml
1009 urn_EOP_ING_EOLI_ESA.EECF.ALOS_AVNIR_AL-07042609581687-1036.AV0.xml
1010 urn_EOP_ING_EOLI_ESA.EECF.ALOS_AVNIR_AL-07052711155109-1036.AV0.xml
1011 urn_EOP_ING_EOLI_ESA.EECF.ALOS_AVNIR_AL-07042710400619-1036.AV0.xml
1012 urn_EOP_ING_EOLI_ESA.EECF.ENVISAT_ASA_GMI_1S_EN1-07090120372958-125334.XGI.xml
1013 urn_EOP_ING_EOLI_ESA.EECF.ALOS_AVNIR_AL-07050110051178-1036.AV0.xml
1014 urn_EOP_ING_EOLI_ESA.EECF.ALOS_AVNIR_AL-07040111061493-1036.AV0.xml
1015 urn_EOP_ING_EOLI_ESA.EECF.ALOS_AVNIR_AL-07051211012615-1036.AV0.xml
1016 urn_EOP_ING_EOLI_ESA.EECF.ALOS_AVNIR_AL-07041611233932-1036.AV0.xml
1017 urn_EOP_ING_EOLI_ESA.EECF.ALOS_AVNIR_AL-07032210524981-1036.AV0.xml
1018 urn_EOP_ING_EOLI_ESA.EECF.ALOS_PSM_O1_AL-07011110582738-518.Pr1.xml
1019 urn_EOP_ING_EOLI_ESA.EECF.ENVISAT_ASA_GMI_1S_EN1-07092020401318-125938.XGI.xml
1020 urn_EOP_ING_EOLI_ESA.EECF.ALOS_AVNIR_AL-07032309514435-1036.AV0.xml
1021 urn_EOP_ING_EOLI_ESA.EECF.ENVISAT_ASA_GMI_1S_EN1-07070320274379-85165.XGI.xml
1022 urn_EOP_ING_EOLI_ESA.EECF.ENVISAT_ASA_GMI_1S_EN1-07052320283880-14868.XGI.xml
1023 urn_EOP_ING_EOLI_ESA.EECF.ALOS_AVNIR_AL-07050610115436-1036.AV0.xml
1024 urn_EOP_ING_EOLI_ESA.EECF.ALOS_AVNIR_AL-07030710315066-1036.AV0.xml
1025 urn_EOP_ING_EOLI_ESA.EECF.ENVISAT_ASA_GMI_1S_EN1-07061409155731-25515.XGI.xml
1026 urn_EOP_ING_EOLI_ESA.EECF.ALOS_AVNIR_AL-07041111175440-1036.AV0.xml
1027 urn_EOP_ING_EOLI_ESA.EECF.ALOS_AVNIR_AL-07051210595579-1036.AV0.xml
1028 urn_EOP_ING_EOLI_ESA.EECF.ALOS_AVNIR_AL-07010310305059-1036.AV0.xml
1029 urn_EOP_ING_EOLI_ESA.EECF.ENVISAT_ASA_GMI_1S_EN1-07070120020182-31328.XGI.xml
1030 urn_EOP_ING_EOLI_ESA.EECF.ALOS_AVNIR_AL-07040411294372-1036.AV0.xml
1031 urn_EOP_ING_EOLI_ESA.EECF.ALOS_AVNIR_AL-07051410412368-1036.AV0.xml
1032 urn_EOP_ING_EOLI_ESA.EECF.ENVISAT_ASA_GMI_1S_EN1-07122710015353-35558.XGI.xml
1033 urn_EOP_ING_EOLI_ESA.EECF.ENVISAT_ASA_GMI_1S_EN1-07121222180600-82143.XGI.xml
1034 urn_EOP_ING_EOLI_ESA.EECF.ENVISAT_ASA_GMI_1S_EN1-07092022270851-72706.XGI.xml
1035 urn_EOP_ING_EOLI_ESA.EECF.ALOS_AVNIR_AL-07051209212914-1036.AV0.xml
1036 urn_EOP_ING_EOLI_ESA.EECF.ALOS_PSM_O1_AL-07012111124033-518.Pr1.xml
1037 urn_EOP_ING_EOLI_ESA.EECF.ENVISAT_ASA_APx_xS_EN1-07060120441609-3931.XPV.xml
1038 urn_EOP_ING_EOLI_ESA.EECF.ENVISAT_ASA_GMI_1S_EN1-07011321540236-12452.XGI.xml
1039 urn_EOP_ING_EOLI_ESA.EECF.ALOS_PSR_FD_AL-07011810500717-1640.Pfd.xml
1040 urn_EOP_ING_EOLI_ESA.EECF.ALOS_PSM_O1_AL-07020910571703-518.Pr1.xml
1041 urn_EOP_ING_EOLI_ESA.EECF.ENVISAT_ASA_IMx_xS_EN1-07011021494747-2174.XI.xml
1042 urn_EOP_ING_EOLI_ESA.EECF.ENVISAT_ASA_GMI_1S_EN1-07092722064938-71496.XGI.xml
1043 urn_EOP_ING_EOLI_ESA.EECF.ALOS_AVNIR_AL-07041609431771-1036.AV0.xml
1044 urn_EOP_ING_EOLI_ESA.EECF.ALOS_AVNIR_AL-07051011144641-1036.AV0.xml
1045 urn_EOP_ING_EOLI_ESA.EECF.ALOS_AVNIR_AL-07042210301316-1036.AV0.xml
1046 urn_EOP_ING_EOLI_ESA.EECF.ALOS_AVNIR_AL-07041910102725-1036.AV0.xml
1047 urn_EOP_ING_EOLI_ESA.EECF.ALOS_PSM_O1_AL-07020410515870-518.Pr1.xml
[...]
3001 urn_EOP_ING_EOLI_ESA.EECF.ENVISAT_ASA_GMI_1S_EN1-07090210480244-21286.XGI.xml
3002 urn_EOP_ING_EOLI_ESA.EECF.ENVISAT_ASA_GMI_1S_EN1-07011520524985-10639.XGI.xml
3003 urn_EOP_ING_EOLI_ESA.EECF.ALOS_AVNIR_AL-07040411273232-1036.AV0.xml
3004 urn_EOP_ING_EOLI_ESA.EECF.ENVISAT_ASA_IMx_xS_EN1-07010410195987-3205.XI.xml
3005 urn_EOP_ING_EOLI_ESA.EECF.ENVISAT_ASA_GMI_1S_EN1-07111020570299-10639.XGI.xml
3006 urn_EOP_ING_EOLI_ESA.EECF.ALOS_AVNIR_AL-07060510494257-1036.AV0.xml
3007 urn_EOP_ING_EOLI_ESA.EECF.ALOS_PSM_O1_AL-07021110412140-518.Pr1.xml
3008 urn_EOP_ING_EOLI_ESA.EECF.ALOS_PSR_FD_AL-07010310300172-1640.Pfd.xml
3009 urn_EOP_ING_EOLI_ESA.EECF.ALOS_AVNIR_AL-07031311221266-1036.AV0.xml
3010 urn_EOP_ING_EOLI_ESA.EECF.ALOS_PSM_O1_AL-07021110411729-518.Pr1.xml
3011 urn_EOP_ING_EOLI_ESA.EECF.ALOS_PSR_FD_AL-07060822161757-1640.Pfd.xml
3012 urn_EOP_ING_EOLI_ESA.EECF.ALOS_AVNIR_AL-07021911093620-1036.AV0.xml
3013 urn_EOP_ING_EOLI_ESA.EECF.ALOS_AVNIR_AL-07011611063526-1036.AV0.xml
3014 urn_EOP_ING_EOLI_ESA.EECF.ALOS_AVNIR_AL-07021911083051-1036.AV0.xml
3015 urn_EOP_ING_EOLI_ESA.EECF.ALOS_AVNIR_AL-07041611221720-1036.AV0.xml
3016 urn_EOP_ING_EOLI_ESA.EECF.ALOS_AVNIR_AL-07060710340226-1036.AV0.xml
3017 urn_EOP_ING_EOLI_ESA.EECF.ALOS_AVNIR_AL-07051210570333-1036.AV0.xml
3018 urn_EOP_ING_EOLI_ESA.EECF.ALOS_AVNIR_AL-07060811160234-1036.AV0.xml
3019 urn_EOP_ING_EOLI_ESA.EECF.ALOS_AVNIR_AL-07040310464541-1036.AV0.xml
3020 urn_EOP_ING_EOLI_ESA.EECF.ALOS_AVNIR_AL-07042210303780-1036.AV0.xml
3021 urn_EOP_ING_EOLI_ESA.EECF.ALOS_AVNIR_AL-07032210543660-1036.AV0.xml
3022 urn_EOP_ING_EOLI_ESA.EECF.ENVISAT_ASA_GMI_1S_EN1-07041122201615-61454.XGI.xml
3023 urn_EOP_ING_EOLI_ESA.EECF.ENVISAT_ASA_GMI_1S_EN1-07031320383209-181962.XGI.xml
3024 urn_EOP_ING_EOLI_ESA.EECF.ENVISAT_ASA_GMI_1S_EN1-07122520273629-85164.XGI.xml
3025 urn_EOP_ING_EOLI_ESA.EECF.ALOS_AVNIR_AL-07011611041566-1036.AV0.xml
3026 urn_EOP_ING_EOLI_ESA.EECF.ENVISAT_ASA_GMI_1S_EN1-07022421122356-200838.XGI.xml
3027 urn_EOP_ING_EOLI_ESA.EECF.ENVISAT_ASA_GMI_1S_EN1-07080722094484-73914.XGI.xml
3028 urn_EOP_ING_EOLI_ESA.EECF.ENVISAT_ASA_GMI_1S_EN1-07072120534314-171315.XGI.xml
3029 urn_EOP_ING_EOLI_ESA.EECF.ALOS_AVNIR_AL-07051810061544-1036.AV0.xml
3030 urn_EOP_ING_EOLI_ESA.EECF.ENVISAT_ASA_GMI_1S_EN1-07070622152465-84561.XGI.xml
3031 urn_EOP_ING_EOLI_ESA.EECF.ALOS_AVNIR_AL-07031010550231-1036.AV0.xml
3032 urn_EOP_ING_EOLI_ESA.EECF.ALOS_AVNIR_AL-07051011160032-1036.AV0.xml
3033 urn_EOP_ING_EOLI_ESA.EECF.ALOS_AVNIR_AL-07042609580044-1036.AV0.xml
3034 urn_EOP_ING_EOLI_ESA.EECF.ALOS_PSM_O1_AL-07020910573346-518.Pr1.xml
3035 urn_EOP_ING_EOLI_ESA.EECF.ENVISAT_ASA_IMx_xS_EN1-07011710071991-15582.XI.xml
3036 urn_EOP_ING_EOLI_ESA.EECF.ENVISAT_ASA_GMI_1S_EN1-07020109015906-15473.XGI.xml
3037 urn_EOP_ING_EOLI_ESA.EECF.ALOS_AVNIR_AL-07051110180358-1036.AV0.xml
3038 urn_EOP_ING_EOLI_ESA.EECF.ENVISAT_ASA_GMI_1S_EN1-07041321251864-14868.XGI.xml
3039 urn_EOP_ING_EOLI_ESA.EECF.ENVISAT_ASA_APx_xS_EN1-07090908421585-3946.XPH.xml
3040 urn_EOP_ING_EOLI_ESA.EECF.ENVISAT_ASA_GMI_1S_EN1-07042122040279-81539.XGI.xml
3041 urn_EOP_ING_EOLI_ESA.EECF.ENVISAT_ASA_GMI_1S_EN1-07031421575980-82143.XGI.xml
3042 urn_EOP_ING_EOLI_ESA.EECF.ALOS_AVNIR_AL-07051810060723-1036.AV0.xml
3043 urn_EOP_ING_EOLI_ESA.EECF.ALOS_PSM_O1_AL-07012111131318-518.Pr1.xml
3044 urn_EOP_ING_EOLI_ESA.EECF.ENVISAT_ASA_APx_xS_EN1-07021121423062-3900.XPV.xml
3045 urn_EOP_ING_EOLI_ESA.EECF.ALOS_AVNIR_AL-07032511151231-1036.AV0.xml
3046 urn_EOP_ING_EOLI_ESA.EECF.ENVISAT_ASA_GMI_1S_EN1-07122608395066-95207.XGI.xml
3047 urn_EOP_ING_EOLI_ESA.EECF.ENVISAT_ASA_GMI_1S_EN1-07102121172841-30119.XGI.xml
3048 urn_EOP_ING_EOLI_ESA.EECF.ENVISAT_ASA_GMI_1S_EN1-07040122322381-74519.XGI.xml
3049 urn_EOP_ING_EOLI_ESA.EECF.ALOS_PSR_FD_AL-07011810491789-1640.Pfd.xml
3050 urn_EOP_ING_EOLI_ESA.EECF.ALOS_AVNIR_AL-07011211381003-1036.AV0.xml
3051 urn_EOP_ING_EOLI_ESA.EECF.ENVISAT_ASA_GMI_1S_EN1-07112421411892-101624.XGI.xml
3052 urn_EOP_ING_EOLI_ESA.EECF.ALOS_AVNIR_AL-07010610535561-1036.AV0.xml
3053 urn_EOP_ING_EOLI_ESA.EECF.ALOS_PSM_O1_AL-07012111155334-518.Pr1.xml
3054 urn_EOP_ING_EOLI_ESA.EECF.ALOS_PSR_FD_AL-07061022004594-1640.Pfd.xml
3055 urn_EOP_ING_EOLI_ESA.EECF.ALOS_PSR_FD_AL-07061022011880-1640.Pfd.xml
3056 urn_EOP_ING_EOLI_ESA.EECF.ALOS_PSM_O1_AL-07021110403623-518.Pr1.xml
3057 urn_EOP_ING_EOLI_ESA.EECF.ALOS_AVNIR_AL-07041811071003-1036.AV0.xml
3058 urn_EOP_ING_EOLI_ESA.EECF.ALOS_AVNIR_AL-07060111251738-1036.AV0.xml
3059 urn_EOP_ING_EOLI_ESA.EECF.ALOS_AVNIR_AL-07052711165678-1036.AV0.xml
3060 urn_EOP_ING_EOLI_ESA.EECF.ALOS_AVNIR_AL-07040310471004-1036.AV0.xml
3061 urn_EOP_ING_EOLI_ESA.EECF.ENVISAT_ASA_GMI_1S_EN1-07100110365576-23098.XGI.xml
3062 urn_EOP_ING_EOLI_ESA.EECF.ALOS_AVNIR_AL-07051311392833-1036.AV0.xml
3063 urn_EOP_ING_EOLI_ESA.EECF.ALOS_AVNIR_AL-07040810550736-1036.AV0.xml
3064 urn_EOP_ING_EOLI_ESA.EECF.ENVISAT_ASA_GMI_1S_EN1-07061520025738-40162.XGI.xml
3065 urn_EOP_ING_EOLI_ESA.EECF.ENVISAT_ASA_GMI_1S_EN1-07080709142847-41370.XGI.xml
3066 urn_EOP_ING_EOLI_ESA.EECF.ALOS_AVNIR_AL-07042210294032-1036.AV0.xml
3067 urn_EOP_ING_EOLI_ESA.EECF.ENVISAT_ASA_GMI_1S_EN1-07062320392794-103437.XGI.xml
3068 urn_EOP_ING_EOLI_ESA.EECF.ENVISAT_ASA_APx_xS_EN1-07071721412745-4066.XPC.xml
3069 urn_EOP_ING_EOLI_ESA.EECF.ALOS_AVNIR_AL-07032511143946-1036.AV0.xml
3070 urn_EOP_ING_EOLI_ESA.EECF.ENVISAT_ASA_GMI_1S_EN1-07101609192676-12452.XGI.xml
3071 urn_EOP_ING_EOLI_ESA.EECF.ALOS_AVNIR_AL-07050811341642-1036.AV0.xml
3072 urn_EOP_ING_EOLI_ESA.EECF.ENVISAT_ASA_GMI_1S_EN1-07062420063096-122312.XGI.xml
3073 urn_EOP_ING_EOLI_ESA.EECF.ALOS_AVNIR_AL-07050809562265-1036.AV0.xml
3074 urn_EOP_ING_EOLI_ESA.EECF.ALOS_AVNIR_AL-07032710570463-1036.AV0.xml
3075 urn_EOP_ING_EOLI_ESA.EECF.ALOS_AVNIR_AL-07010709542912-1036.AV0.xml
3076 urn_EOP_ING_EOLI_ESA.EECF.ALOS_PSM_O1_AL-07020910565240-518.Pr1.xml
3077 urn_EOP_ING_EOLI_ESA.EECF.ALOS_AVNIR_AL-07040411300836-1036.AV0.xml
3078 urn_EOP_ING_EOLI_ESA.EECF.ENVISAT_ASA_GMI_1S_EN1-07012720552817-152440.XGI.xml
3079 urn_EOP_ING_EOLI_ESA.EECF.ALOS_PSM_O1_AL-07012111150406-518.Pr1.xml
3080 urn_EOP_ING_EOLI_ESA.EECF.ALOS_AVNIR_AL-07042210293211-1036.AV0.xml
3081 urn_EOP_ING_EOLI_ESA.EECF.ALOS_AVNIR_AL-07042410165246-1036.AV0.xml
3082 urn_EOP_ING_EOLI_ESA.EECF.ALOS_PSM_O1_AL-07020410520280-518.Pr1.xml
3083 urn_EOP_ING_EOLI_ESA.EECF.ENVISAT_ASA_GMI_1S_EN1-07082022103409-11244.XGI.xml
3084 urn_EOP_ING_EOLI_ESA.EECF.ALOS_AVNIR_AL-07052711193282-1036.AV0.xml
3085 urn_EOP_ING_EOLI_ESA.EECF.ENVISAT_ASA_GMI_1S_EN1-07101020130953-112270.XGI.xml
3086 urn_EOP_ING_EOLI_ESA.EECF.ALOS_PSM_O1_AL-07012111114284-518.Pr1.xml
3087 urn_EOP_ING_EOLI_ESA.EECF.ALOS_AVNIR_AL-07040810554022-1036.AV0.xml
3088 urn_EOP_ING_EOLI_ESA.EECF.ALOS_AVNIR_AL-07032511135019-1036.AV0.xml
3089 urn_EOP_ING_EOLI_ESA.EECF.ALOS_AVNIR_AL-07060811122058-1036.AV0.xml
3090 urn_EOP_ING_EOLI_ESA.EECF.ALOS_AVNIR_AL-07011611054599-1036.AV0.xml
3091 urn_EOP_ING_EOLI_ESA.EECF.ALOS_AVNIR_AL-07011710094458-1036.AV0.xml
3092 urn_EOP_ING_EOLI_ESA.EECF.ALOS_PSM_O1_AL-07012510382895-518.Pr1.xml
3093 urn_EOP_ING_EOLI_ESA.EECF.ALOS_AVNIR_AL-07060811140734-1036.AV0.xml
3094 urn_EOP_ING_EOLI_ESA.EECF.ALOS_AVNIR_AL-07011411245878-1036.AV0.xml
3095 urn_EOP_ING_EOLI_ESA.EECF.ALOS_AVNIR_AL-07010411115393-1036.AV0.xml
3096 urn_EOP_ING_EOLI_ESA.EECF.ENVISAT_ASA_GMI_1S_EN1-07122222035852-70893.XGI.xml
3097 urn_EOP_ING_EOLI_ESA.EECF.ENVISAT_ASA_GMI_1S_EN1-07051320410065-11848.XGI.xml
3098 urn_EOP_ING_EOLI_ESA.EECF.ALOS_AVNIR_AL-07052410540156-1036.AV0.xml
3099 urn_EOP_ING_EOLI_ESA.EECF.ALOS_PSR_FD_AL-07061021591558-1640.Pfd.xml
3100 urn_EOP_ING_EOLI_ESA.EECF.ENVISAT_ASA_GMI_1S_EN1-07121010355995-73310.XGI.xml
3101 urn_EOP_ING_EOLI_ESA.EECF.ALOS_AVNIR_AL-07011710091994-1036.AV0.xml
3102 urn_EOP_ING_EOLI_ESA.EECF.ALOS_PSM_O1_AL-07012510394287-518.Pr1.xml
3103 urn_EOP_ING_EOLI_ESA.EECF.ALOS_AVNIR_AL-07030910170001-1036.AV0.xml
3104 urn_EOP_ING_EOLI_ESA.EECF.ALOS_AVNIR_AL-07032410341762-1036.AV0.xml
3105 urn_EOP_ING_EOLI_ESA.EECF.ENVISAT_ASA_GMI_1S_EN1-07010622133027-10639.XGI.xml
3106 urn_EOP_ING_EOLI_ESA.EECF.ALOS_PSR_FD_AL-07061022033019-1640.Pfd.xml
3107 urn_EOP_ING_EOLI_ESA.EECF.ALOS_AVNIR_AL-07060111255024-1036.AV0.xml
3108 urn_EOP_ING_EOLI_ESA.EECF.ALOS_AVNIR_AL-07041310592207-1036.AV0.xml
3109 urn_EOP_ING_EOLI_ESA.EECF.ALOS_AVNIR_AL-07032311331988-1036.AV0.xml
3110 urn_EOP_ING_EOLI_ESA.EECF.ENVISAT_ASA_APx_xS_EN1-07060422292956-3818.XPC.xml
3111 urn_EOP_ING_EOLI_ESA.EECF.ENVISAT_ASA_GMI_1S_EN1-07071720012763-10035.XGI.xml
3112 urn_EOP_ING_EOLI_ESA.EECF.ALOS_AVNIR_AL-07052211120907-1036.AV0.xml
3113 urn_EOP_ING_EOLI_ESA.EECF.ALOS_AVNIR_AL-07042710392513-1036.AV0.xml
3114 urn_EOP_ING_EOLI_ESA.EECF.ENVISAT_ASA_APx_xS_EN1-07070821242175-3896.XPC.xml
3115 urn_EOP_ING_EOLI_ESA.EECF.ENVISAT_ASA_APx_xS_EN1-07101408421357-3946.XPH.xml
3116 urn_EOP_ING_EOLI_ESA.EECF.ENVISAT_ASA_IMx_xS_EN1-07010509461438-11652.XI.xml
3117 urn_EOP_ING_EOLI_ESA.EECF.ALOS_PSR_FD_AL-07010310301815-1640.Pfd.xml
3118 urn_EOP_ING_EOLI_ESA.EECF.ALOS_AVNIR_AL-07032710571285-1036.AV0.xml
3119 urn_EOP_ING_EOLI_ESA.EECF.ALOS_PSM_O1_AL-07012111113052-518.Pr1.xml
3120 urn_EOP_ING_EOLI_ESA.EECF.ALOS_AVNIR_AL-07030410085501-1036.AV0.xml
3121 urn_EOP_ING_EOLI_ESA.EECF.ALOS_AVNIR_AL-07060809361357-1036.AV0.xml
3122 urn_EOP_ING_EOLI_ESA.EECF.ALOS_PSM_O1_AL-07012510401572-518.Pr1.xml
3123 urn_EOP_ING_EOLI_ESA.EECF.ALOS_PSM_O1_AL-07011110580275-518.Pr1.xml
3124 urn_EOP_ING_EOLI_ESA.EECF.ALOS_AVNIR_AL-07041910090512-1036.AV0.xml
3125 urn_EOP_ING_EOLI_ESA.EECF.ENVISAT_ASA_GMI_1S_EN1-07081210071555-45600.XGI.xml
3126 urn_EOP_ING_EOLI_ESA.EECF.ALOS_AVNIR_AL-07032210532267-1036.AV0.xml
3127 urn_EOP_ING_EOLI_ESA.EECF.ENVISAT_ASA_GMI_1S_EN1-07010920225339-124125.XGI.xml
3128 urn_EOP_ING_EOLI_ESA.EECF.ALOS_AVNIR_AL-07042210321634-1036.AV0.xml
3129 urn_EOP_ING_EOLI_ESA.EECF.ALOS_PSR_FD_AL-07061021583451-1640.Pfd.xml
3130 urn_EOP_ING_EOLI_ESA.EECF.ALOS_AVNIR_AL-07040210063992-1036.AV0.xml
3131 urn_EOP_ING_EOLI_ESA.EECF.ALOS_PSM_O1_AL-07012510395108-518.Pr1.xml
3132 urn_EOP_ING_EOLI_ESA.EECF.ALOS_AVNIR_AL-07042210313528-1036.AV0.xml
3133 urn_EOP_ING_EOLI_ESA.EECF.ALOS_AVNIR_AL-07030910165180-1036.AV0.xml
3134 urn_EOP_ING_EOLI_ESA.EECF.ENVISAT_ASA_GMI_1S_EN1-07052010481459-40162.XGI.xml
3135 urn_EOP_ING_EOLI_ESA.EECF.ALOS_AVNIR_AL-07060811144020-1036.AV0.xml
3136 urn_EOP_ING_EOLI_ESA.EECF.ALOS_PSM_O1_AL-07020910575810-518.Pr1.xml
3137 urn_EOP_ING_EOLI_ESA.EECF.ALOS_AVNIR_AL-07032210542017-1036.AV0.xml
3138 urn_EOP_ING_EOLI_ESA.EECF.ALOS_AVNIR_AL-07051310003705-1036.AV0.xml
3139 urn_EOP_ING_EOLI_ESA.EECF.ALOS_AVNIR_AL-07042210311885-1036.AV0.xml
3140 urn_EOP_ING_EOLI_ESA.EECF.ENVISAT_ASA_GMI_1S_EN1-07110722273862-10639.XGI.xml
3141 urn_EOP_ING_EOLI_ESA.EECF.ALOS_PSR_FD_AL-07060723140624-1640.Pfd.xml
3142 urn_EOP_ING_EOLI_ESA.EECF.ALOS_PSM_O1_AL-07012510382485-518.Pr1.xml
3143 urn_EOP_ING_EOLI_ESA.EECF.ALOS_AVNIR_AL-07032210530624-1036.AV0.xml
3144 urn_EOP_ING_EOLI_ESA.EECF.ALOS_AVNIR_AL-07052709404154-1036.AV0.xml
3145 urn_EOP_ING_EOLI_ESA.EECF.ALOS_AVNIR_AL-07031111345140-1036.AV0.xml
3146 urn_EOP_ING_EOLI_ESA.EECF.ENVISAT_ASA_GMI_1S_EN1-07121321461178-82748.XGI.xml
3147 urn_EOP_ING_EOLI_ESA.EECF.ALOS_AVNIR_AL-07011810504792-1036.AV0.xml
3148 urn_EOP_ING_EOLI_ESA.EECF.ALOS_AVNIR_AL-07050710513511-1036.AV0.xml
3149 urn_EOP_ING_EOLI_ESA.EECF.ALOS_AVNIR_AL-07051410420474-1036.AV0.xml
3150 urn_EOP_ING_EOLI_ESA.EECF.ALOS_AVNIR_AL-07051311394475-1036.AV0.xml
3151 urn_EOP_ING_EOLI_ESA.EECF.ALOS_AVNIR_AL-07051711042832-1036.AV0.xml
3152 urn_EOP_ING_EOLI_ESA.EECF.ALOS_AVNIR_AL-07031311213158-1036.AV0.xml
3153 urn_EOP_ING_EOLI_ESA.EECF.ALOS_AVNIR_AL-07031010572193-1036.AV0.xml
3154 urn_EOP_ING_EOLI_ESA.EECF.ALOS_AVNIR_AL-07011611052956-1036.AV0.xml
3155 urn_EOP_ING_EOLI_ESA.EECF.ALOS_AVNIR_AL-07060311070952-1036.AV0.xml
3156 urn_EOP_ING_EOLI_ESA.EECF.ALOS_PSM_O1_AL-07012111115105-518.Pr1.xml
3157 urn_EOP_ING_EOLI_ESA.EECF.ALOS_AVNIR_AL-07010310305881-1036.AV0.xml
3158 urn_EOP_ING_EOLI_ESA.EECF.ALOS_PSM_O1_AL-07011110581507-518.Pr1.xml
3159 urn_EOP_ING_EOLI_ESA.EECF.ALOS_PSR_FD_AL-07060923020794-1640.Pfd.xml
3160 urn_EOP_ING_EOLI_ESA.EECF.ALOS_AVNIR_AL-07060609524320-1036.AV0.xml
3161 urn_EOP_ING_EOLI_ESA.EECF.ALOS_AVNIR_AL-07032210531445-1036.AV0.xml
3162 urn_EOP_ING_EOLI_ESA.EECF.ENVISAT_ASA_GMI_1S_EN1-07102620062049-205673.XGI.xml
3163 urn_EOP_ING_EOLI_ESA.EECF.ALOS_AVNIR_AL-07052011284611-1036.AV0.xml
3164 urn_EOP_ING_EOLI_ESA.EECF.ALOS_AVNIR_AL-07060410091273-1036.AV0.xml
3165 urn_EOP_ING_EOLI_ESA.EECF.ENVISAT_ASA_GMI_1S_EN1-07031420125793-152439.XGI.xml
3166 urn_EOP_ING_EOLI_ESA.EECF.ENVISAT_ASA_IMx_xS_EN1-07010922190438-12483.XI.xml
3167 urn_EOP_ING_EOLI_ESA.EECF.ALOS_AVNIR_AL-07051310001241-1036.AV0.xml
3168 urn_EOP_ING_EOLI_ESA.EECF.ENVISAT_ASA_GMI_1S_EN1-07112622205567-82144.XGI.xml
3169 urn_EOP_ING_EOLI_ESA.EECF.ENVISAT_ASA_APx_xS_EN1-07041608360306-3812.XPH.xml
3170 urn_EOP_ING_EOLI_ESA.EECF.ALOS_PSM_O1_AL-07011110583970-518.Pr1.xml
3171 urn_EOP_ING_EOLI_ESA.EECF.ALOS_AVNIR_AL-07040411270768-1036.AV0.xml
3172 urn_EOP_ING_EOLI_ESA.EECF.ALOS_PSM_O1_AL-07012510401983-518.Pr1.xml
3173 urn_EOP_ING_EOLI_ESA.EECF.ALOS_AVNIR_AL-07052711203032-1036.AV0.xml
3174 urn_EOP_ING_EOLI_ESA.EECF.ALOS_AVNIR_AL-07031109592543-1036.AV0.xml
3175 urn_EOP_ING_EOLI_ESA.EECF.ALOS_PSR_FD_AL-07060921242239-1640.Pfd.xml
3176 urn_EOP_ING_EOLI_ESA.EECF.ALOS_AVNIR_AL-07052711174605-1036.AV0.xml
3177 urn_EOP_ING_EOLI_ESA.EECF.ENVISAT_ASA_APx_xS_EN1-07070521184033-4354.XPC.xml
3178 urn_EOP_ING_EOLI_ESA.EECF.ENVISAT_ASA_GMI_1S_EN1-07051408562536-43787.XGI.xml
3179 urn_EOP_ING_EOLI_ESA.EECF.ALOS_AVNIR_AL-07011510264603-1036.AV0.xml
3180 urn_EOP_ING_EOLI_ESA.EECF.ALOS_AVNIR_AL-07060809362178-1036.AV0.xml
3181 urn_EOP_ING_EOLI_ESA.EECF.ALOS_AVNIR_AL-07030910161894-1036.AV0.xml
3182 urn_EOP_ING_EOLI_ESA.EECF.ENVISAT_ASA_APx_xS_EN1-07050409072902-3816.XPC.xml
3183 urn_EOP_ING_EOLI_ESA.EECF.ALOS_AVNIR_AL-07060311071774-1036.AV0.xml
3184 urn_EOP_ING_EOLI_ESA.EECF.ALOS_AVNIR_AL-07021911123688-1036.AV0.xml
3185 urn_EOP_ING_EOLI_ESA.EECF.ALOS_AVNIR_AL-07011110590178-1036.AV0.xml
3186 urn_EOP_ING_EOLI_ESA.EECF.ALOS_PSM_O1_AL-07012111132139-518.Pr1.xml
3187 urn_EOP_ING_EOLI_ESA.EECF.ALOS_PSR_FD_AL-07060922595655-1640.Pfd.xml
3188 urn_EOP_ING_EOLI_ESA.EECF.ALOS_AVNIR_AL-07031111381671-1036.AV0.xml
3189 urn_EOP_ING_EOLI_ESA.EECF.ENVISAT_ASA_APx_xS_EN1-07081011050424-3900.XPH.xml
3190 urn_EOP_ING_EOLI_ESA.EECF.ALOS_PSM_O1_AL-07020910571293-518.Pr1.xml
3191 urn_EOP_ING_EOLI_ESA.EECF.ENVISAT_ASA_GMI_1S_EN1-07040420533832-122916.XGI.xml
3192 urn_EOP_ING_EOLI_ESA.EECF.ENVISAT_ASA_APx_xS_EN1-07071909204759-3990.XPH.xml
3193 urn_EOP_ING_EOLI_ESA.EECF.ENVISAT_ASA_GMI_1S_EN1-07022622031510-52621.XGI.xml
3194 urn_EOP_ING_EOLI_ESA.EECF.ALOS_AVNIR_AL-07040411291908-1036.AV0.xml
3195 urn_EOP_ING_EOLI_ESA.EECF.ALOS_AVNIR_AL-07031010555980-1036.AV0.xml
3196 urn_EOP_ING_EOLI_ESA.EECF.ALOS_AVNIR_AL-07051810064829-1036.AV0.xml
3197 urn_EOP_ING_EOLI_ESA.EECF.ENVISAT_ASA_APx_xS_EN1-07051108481377-3812.XPV.xml
3198 urn_EOP_ING_EOLI_ESA.EECF.ALOS_AVNIR_AL-07010610543667-1036.AV0.xml
3199 urn_EOP_ING_EOLI_ESA.EECF.ALOS_AVNIR_AL-07060811144841-1036.AV0.xml
3200 urn_EOP_ING_EOLI_ESA.EECF.ENVISAT_ASA_APx_xS_EN1-07022209375609-3946.XPV.xml
3201 urn_EOP_ING_EOLI_ESA.EECF.ALOS_PSM_O1_AL-07020410513406-518.Pr1.xml
3202 urn_EOP_ING_EOLI_ESA.EECF.ALOS_AVNIR_AL-07060809355714-1036.AV0.xml
3203 urn_EOP_ING_EOLI_ESA.EECF.ALOS_AVNIR_AL-07052009505231-1036.AV0.xml
3204 urn_EOP_ING_EOLI_ESA.EECF.ALOS_PSM_O1_AL-07012111120748-518.Pr1.xml
3205 urn_EOP_ING_EOLI_ESA.EECF.ALOS_AVNIR_AL-07051210562228-1036.AV0.xml
3206 urn_EOP_ING_EOLI_ESA.EECF.ALOS_AVNIR_AL-07040411302479-1036.AV0.xml
3207 urn_EOP_ING_EOLI_ESA.EECF.ALOS_AVNIR_AL-07060311061204-1036.AV0.xml
3208 urn_EOP_ING_EOLI_ESA.EECF.ALOS_AVNIR_AL-07050811333536-1036.AV0.xml
3209 urn_EOP_ING_EOLI_ESA.EECF.ALOS_AVNIR_AL-07051110170610-1036.AV0.xml
3210 urn_EOP_ING_EOLI_ESA.EECF.ENVISAT_ASA_GMI_1S_EN1-07112020411689-33745.XGI.xml
3211 urn_EOP_ING_EOLI_ESA.EECF.ALOS_AVNIR_AL-07012111153025-1036.AV0.xml
3212 urn_EOP_ING_EOLI_ESA.EECF.ALOS_AVNIR_AL-07040111062314-1036.AV0.xml
3213 urn_EOP_ING_EOLI_ESA.EECF.ALOS_AVNIR_AL-07041210190851-1036.AV0.xml
3214 urn_EOP_ING_EOLI_ESA.EECF.ALOS_AVNIR_AL-07010711333686-1036.AV0.xml
3215 urn_EOP_ING_EOLI_ESA.EECF.ALOS_PSR_FD_AL-07060922563120-1640.Pfd.xml
3216 urn_EOP_ING_EOLI_ESA.EECF.ALOS_AVNIR_AL-07051211003686-1036.AV0.xml
3217 urn_EOP_ING_EOLI_ESA.EECF.ENVISAT_ASA_GMI_1S_EN1-07122310224711-12452.XGI.xml
3218 urn_EOP_ING_EOLI_ESA.EECF.ALOS_AVNIR_AL-07032210540374-1036.AV0.xml
3219 urn_EOP_ING_EOLI_ESA.EECF.ALOS_PSM_O1_AL-07021110420246-518.Pr1.xml
3220 urn_EOP_ING_EOLI_ESA.EECF.ALOS_AVNIR_AL-07051310002063-1036.AV0.xml
3221 urn_EOP_ING_EOLI_ESA.EECF.ALOS_AVNIR_AL-07041210195779-1036.AV0.xml
3222 urn_EOP_ING_EOLI_ESA.EECF.ALOS_AVNIR_AL-07050511090995-1036.AV0.xml
3223 urn_EOP_ING_EOLI_ESA.EECF.ALOS_AVNIR_AL-07050811322966-1036.AV0.xml
3224 urn_EOP_ING_EOLI_ESA.EECF.ALOS_AVNIR_AL-07010510112998-1036.AV0.xml
3225 urn_EOP_ING_EOLI_ESA.EECF.ALOS_AVNIR_AL-07051210561407-1036.AV0.xml
3226 urn_EOP_ING_EOLI_ESA.EECF.ALOS_AVNIR_AL-07011611035102-1036.AV0.xml
3227 urn_EOP_ING_EOLI_ESA.EECF.ALOS_AVNIR_AL-07041609435056-1036.AV0.xml
3228 urn_EOP_ING_EOLI_ESA.EECF.ENVISAT_ASA_GMI_1S_EN1-07071920384351-11847.XGI.xml
3229 urn_EOP_ING_EOLI_ESA.EECF.ALOS_AVNIR_AL-07041609441519-1036.AV0.xml
3230 urn_EOP_ING_EOLI_ESA.EECF.ALOS_AVNIR_AL-07011710095279-1036.AV0.xml
3231 urn_EOP_ING_EOLI_ESA.EECF.ENVISAT_ASA_GMI_1S_EN1-07021509520247-33745.XGI.xml
3232 urn_EOP_ING_EOLI_ESA.EECF.ENVISAT_ASA_GMI_1S_EN1-07122021163918-175545.XGI.xml
3233 urn_EOP_ING_EOLI_ESA.EECF.ENVISAT_ASA_GMI_1S_EN1-07120110193653-72706.XGI.xml
3234 urn_EOP_ING_EOLI_ESA.EECF.ENVISAT_ASA_GMI_1S_EN1-07122220174484-121105.XGI.xml
3235 urn_EOP_ING_EOLI_ESA.EECF.ENVISAT_ASA_GMI_1S_EN1-07050510151371-21889.XGI.xml
3236 urn_EOP_ING_EOLI_ESA.EECF.ENVISAT_ASA_GMI_1S_EN1-07101121172544-172524.XGI.xml
3237 urn_EOP_ING_EOLI_ESA.EECF.ALOS_AVNIR_AL-07051011155211-1036.AV0.xml
3238 urn_EOP_ING_EOLI_ESA.EECF.ENVISAT_ASA_APx_xS_EN1-07060210375203-3895.XPC.xml
3239 urn_EOP_ING_EOLI_ESA.EECF.ALOS_PSR_FD_AL-07010310295351-1640.Pfd.xml
3240 urn_EOP_ING_EOLI_ESA.EECF.ENVISAT_ASA_GMI_1S_EN1-07041220155289-13660.XGI.xml
3241 urn_EOP_ING_EOLI_ESA.EECF.ENVISAT_ASA_APx_xS_EN1-07040610291250-3905.XPC.xml
3242 urn_EOP_ING_EOLI_ESA.EECF.ALOS_PSM_O1_AL-07020410522334-518.Pr1.xml
3243 urn_EOP_ING_EOLI_ESA.EECF.ALOS_AVNIR_AL-07050811322145-1036.AV0.xml
3244 urn_EOP_ING_EOLI_ESA.EECF.ENVISAT_ASA_IMx_xS_EN1-07011909060696-15800.XI.xml
3245 urn_EOP_ING_EOLI_ESA.EECF.ALOS_AVNIR_AL-07042210322455-1036.AV0.xml
3246 urn_EOP_ING_EOLI_ESA.EECF.ALOS_PSM_O1_AL-07011110583559-518.Pr1.xml
3247 urn_EOP_ING_EOLI_ESA.EECF.ALOS_AVNIR_AL-07051810072114-1036.AV0.xml
3248 urn_EOP_ING_EOLI_ESA.EECF.ALOS_AVNIR_AL-07040411304944-1036.AV0.xml
3249 urn_EOP_ING_EOLI_ESA.EECF.ALOS_PSM_O1_AL-07012111113463-518.Pr1.xml
3250 urn_EOP_ING_EOLI_ESA.EECF.ALOS_AVNIR_AL-07060210271252-1036.AV0.xml
3251 urn_EOP_ING_EOLI_ESA.EECF.ALOS_PSM_O1_AL-07020910572525-518.Pr1.xml
3252 urn_EOP_ING_EOLI_ESA.EECF.ENVISAT_ASA_GMI_1S_EN1-07120920261533-122312.XGI.xml
3253 urn_EOP_ING_EOLI_ESA.EECF.ENVISAT_ASA_GMI_1S_EN1-07081020291364-130542.XGI.xml
3254 urn_EOP_ING_EOLI_ESA.EECF.ENVISAT_ASA_IMx_xS_EN1-07011909055432-31714.XI.xml
3255 urn_EOP_ING_EOLI_ESA.EECF.ENVISAT_ASA_GMI_1S_EN1-07061309535719-72705.XGI.xml
3256 urn_EOP_ING_EOLI_ESA.EECF.ENVISAT_ASA_GMI_1S_EN1-07011522205998-82143.XGI.xml
3257 urn_EOP_ING_EOLI_ESA.EECF.ALOS_PSR_FD_AL-07061022014344-1640.Pfd.xml
3258 urn_EOP_ING_EOLI_ESA.EECF.ALOS_AVNIR_AL-07011510280817-1036.AV0.xml
3259 urn_EOP_ING_EOLI_ESA.EECF.ALOS_AVNIR_AL-07060210260681-1036.AV0.xml
3260 urn_EOP_ING_EOLI_ESA.EECF.ALOS_AVNIR_AL-07042710394155-1036.AV0.xml
3261 urn_EOP_ING_EOLI_ESA.EECF.ALOS_AVNIR_AL-07032309523362-1036.AV0.xml
3262 urn_EOP_ING_EOLI_ESA.EECF.ENVISAT_ASA_GMI_1S_EN1-07122320014044-33140.XGI.xml
]]></system-out>
  <system-err><![CDATA[]]></system-err>
</testsuite>
